Using pre-set license
Built from '2020.3/staging' branch; Version is '2020.3.18f1 (a7d1c678663c) revision 10998214'; Using compiler version '192528614'; Build Type 'Release'
OS: 'Windows 10 Home; OS build 19042.1288; Version 2009; 64bit' Language: 'es' Physical Memory: 16303 MB
BatchMode: 1, IsHumanControllingUs: 0, StartBugReporterOnCrash: 0, Is64bit: 1, IsPro: 0

COMMAND LINE ARGUMENTS:
C:\Program Files\Unity\Hub\Editor\2020.3.18f1\Editor\Unity.exe
-adb2
-batchMode
-noUpm
-name
AssetImportWorker0
-projectPath
D:/github/GameJump4/GameJam4
-logFile
Logs/AssetImportWorker0.log
-srvPort
65494
Successfully changed project path to: D:/github/GameJump4/GameJam4
D:/github/GameJump4/GameJam4
Using Asset Import Pipeline V2.
Refreshing native plugins compatible for Editor in 89.27 ms, found 2 plugins.
Preloading 0 native plugins for Editor in 0.00 ms.
Initialize engine version: 2020.3.18f1 (a7d1c678663c)
[Subsystems] Discovering subsystems at path C:/Program Files/Unity/Hub/Editor/2020.3.18f1/Editor/Data/Resources/UnitySubsystems
[Subsystems] Discovering subsystems at path D:/github/GameJump4/GameJam4/Assets
GfxDevice: creating device client; threaded=0
Direct3D:
    Version:  Direct3D 11.0 [level 11.1]
    Renderer: NVIDIA GeForce GTX 1050 (ID=0x1c8d)
    Vendor:   
    VRAM:     4021 MB
    Driver:   30.0.14.9649
Initialize mono
Mono path[0] = 'C:/Program Files/Unity/Hub/Editor/2020.3.18f1/Editor/Data/Managed'
Mono path[1] = 'C:/Program Files/Unity/Hub/Editor/2020.3.18f1/Editor/Data/MonoBleedingEdge/lib/mono/unityjit'
Mono config path = 'C:/Program Files/Unity/Hub/Editor/2020.3.18f1/Editor/Data/MonoBleedingEdge/etc'
Using monoOptions --debugger-agent=transport=dt_socket,embedding=1,server=y,suspend=n,address=127.0.0.1:56000
Begin MonoManager ReloadAssembly
Registering precompiled unity dll's ...
Register platform support module: C:/Program Files/Unity/Hub/Editor/2020.3.18f1/Editor/Data/PlaybackEngines/WebGLSupport/UnityEditor.WebGL.Extensions.dll
Register platform support module: C:/Program Files/Unity/Hub/Editor/2020.3.18f1/Editor/Data/PlaybackEngines/WindowsStandaloneSupport/UnityEditor.WindowsStandalone.Extensions.dll
Registered in 0.004307 seconds.
Native extension for WindowsStandalone target not found
Native extension for WebGL target not found
Refreshing native plugins compatible for Editor in 73.43 ms, found 2 plugins.
Preloading 0 native plugins for Editor in 0.00 ms.
Mono: successfully reloaded assembly
- Completed reload, in  2.258 seconds
Domain Reload Profiling:
	ReloadAssembly (2259ms)
		BeginReloadAssembly (121ms)
			ExecutionOrderSort (0ms)
			DisableScriptedObjects (0ms)
			BackupInstance (0ms)
			ReleaseScriptingObjects (0ms)
			CreateAndSetChildDomain (1ms)
		EndReloadAssembly (714ms)
			LoadAssemblies (116ms)
			RebuildTransferFunctionScriptingTraits (0ms)
			SetupTypeCache (221ms)
			ReleaseScriptCaches (0ms)
			RebuildScriptCaches (49ms)
			SetupLoadedEditorAssemblies (268ms)
				LogAssemblyErrors (0ms)
				InitializePlatformSupportModulesInManaged (8ms)
				SetLoadedEditorAssemblies (1ms)
				RefreshPlugins (74ms)
				BeforeProcessingInitializeOnLoad (24ms)
				ProcessInitializeOnLoadAttributes (118ms)
				ProcessInitializeOnLoadMethodAttributes (43ms)
				AfterProcessingInitializeOnLoad (0ms)
				EditorAssembliesLoaded (0ms)
			ExecutionOrderSort2 (0ms)
			AwakeInstancesAfterBackupRestoration (0ms)
Platform modules already initialized, skipping
Registering precompiled user dll's ...
Registered in 0.005448 seconds.
Begin MonoManager ReloadAssembly
Native extension for WindowsStandalone target not found
Native extension for WebGL target not found
Refreshing native plugins compatible for Editor in 74.13 ms, found 2 plugins.
Preloading 0 native plugins for Editor in 0.00 ms.
Mono: successfully reloaded assembly
- Completed reload, in  2.063 seconds
Domain Reload Profiling:
	ReloadAssembly (2064ms)
		BeginReloadAssembly (296ms)
			ExecutionOrderSort (0ms)
			DisableScriptedObjects (6ms)
			BackupInstance (0ms)
			ReleaseScriptingObjects (0ms)
			CreateAndSetChildDomain (26ms)
		EndReloadAssembly (1644ms)
			LoadAssemblies (216ms)
			RebuildTransferFunctionScriptingTraits (0ms)
			SetupTypeCache (579ms)
			ReleaseScriptCaches (1ms)
			RebuildScriptCaches (76ms)
			SetupLoadedEditorAssemblies (597ms)
				LogAssemblyErrors (0ms)
				InitializePlatformSupportModulesInManaged (6ms)
				SetLoadedEditorAssemblies (0ms)
				RefreshPlugins (74ms)
				BeforeProcessingInitializeOnLoad (129ms)
				ProcessInitializeOnLoadAttributes (372ms)
				ProcessInitializeOnLoadMethodAttributes (5ms)
				AfterProcessingInitializeOnLoad (9ms)
				EditorAssembliesLoaded (0ms)
			ExecutionOrderSort2 (0ms)
			AwakeInstancesAfterBackupRestoration (9ms)
Platform modules already initialized, skipping
========================================================================
Worker process is ready to serve import requests
Launched and connected shader compiler UnityShaderCompiler.exe after 0.07 seconds
Refreshing native plugins compatible for Editor in 1.13 ms, found 2 plugins.
Preloading 0 native plugins for Editor in 0.00 ms.
Unloading 2751 Unused Serialized files (Serialized files now loaded: 0)
System memory in use before: 128.0 MB.
System memory in use after: 128.2 MB.

Unloading 17 unused Assets to reduce memory usage. Loaded Objects now: 3188.
Total: 8.586500 ms (FindLiveObjects: 0.442200 ms CreateObjectMapping: 0.297400 ms MarkObjects: 7.658800 ms  DeleteObjects: 0.185700 ms)

AssetImportParameters requested are different than current active one (requested -> active):
  custom:framework-win-MediaFoundation: 216162199b28c13a410421893ffa2e32 -> 
  custom:video-decoder-ogg-theora: a1e56fd34408186e4bbccfd4996cb3dc -> 
  custom:container-muxer-webm: aa71ff27fc2769a1b78a27578f13a17b -> 
  custom:container-demuxer-webm: 4f35f7cbe854078d1ac9338744f61a02 -> 
  custom:container-demuxer-ogg: 62fdf1f143b41e24485cea50d1cbac27 -> 
  custom:video-encoder-webm-vp8: eb34c28f22e8b96e1ab97ce403110664 -> 
  custom:video-codec-MediaFoundation-h265: 746d11721c4dcdbdad8f713fa42b33f4 -> 
  custom:video-decoder-webm-vp8: 9c59270c3fd7afecdb556c50c9e8de78 -> 
  custom:audio-decoder-ogg-vorbis: bf7c407c2cedff20999df2af8eb42d56 -> 
  custom:audio-encoder-webm-vorbis: bf7c407c2cedff20999df2af8eb42d56 -> 
========================================================================
Received Import Request.
  path: Assets/Assets/Habitaciones/Puertas del juego/B.prefab
  artifactKey: Guid(131d81bf2a3161b47a1c43e658a45034) Importer(815301076,1909f56bfc062723c751e8b465ee728b)
Start importing Assets/Assets/Habitaciones/Puertas del juego/B.prefab using Guid(131d81bf2a3161b47a1c43e658a45034) Importer(815301076,1909f56bfc062723c751e8b465ee728b)  -> (artifact id: 'c9a5d30a08f50c8308c3053a477705a8') in 0.361125 seconds 
  Import took 0.371303 seconds .

========================================================================
Received Import Request.
  Time since last request: 0.000365 seconds.
  path: Assets/Assets/Habitaciones/Puertas del juego/L.prefab
  artifactKey: Guid(a8217c87c06537545bbb1f7cbbce68dc) Importer(815301076,1909f56bfc062723c751e8b465ee728b)
Start importing Assets/Assets/Habitaciones/Puertas del juego/L.prefab using Guid(a8217c87c06537545bbb1f7cbbce68dc) Importer(815301076,1909f56bfc062723c751e8b465ee728b)  -> (artifact id: '844e5766de874e6b3f095e3bbcc05643') in 0.041343 seconds 
  Import took 0.049503 seconds .

========================================================================
Received Import Request.
  Time since last request: 0.000459 seconds.
  path: Assets/Assets/Habitaciones/Puertas del juego/BL.prefab
  artifactKey: Guid(ae2d64337e936eb418b83484fcd11d08) Importer(815301076,1909f56bfc062723c751e8b465ee728b)
Start importing Assets/Assets/Habitaciones/Puertas del juego/BL.prefab using Guid(ae2d64337e936eb418b83484fcd11d08) Importer(815301076,1909f56bfc062723c751e8b465ee728b)  -> (artifact id: '14db964896982a07a93dc73460e2ae19') in 0.034624 seconds 
  Import took 0.040995 seconds .

========================================================================
Received Import Request.
  Time since last request: 0.000467 seconds.
  path: Assets/Assets/Habitaciones/Puertas del juego/LR.prefab
  artifactKey: Guid(55cec621827845b4b9d4602d5ed262e0) Importer(815301076,1909f56bfc062723c751e8b465ee728b)
Start importing Assets/Assets/Habitaciones/Puertas del juego/LR.prefab using Guid(55cec621827845b4b9d4602d5ed262e0) Importer(815301076,1909f56bfc062723c751e8b465ee728b)  -> (artifact id: '8e375856a43b31f1379c182fcad6dc58') in 0.013393 seconds 
  Import took 0.019779 seconds .

========================================================================
Received Import Request.
  Time since last request: 0.602391 seconds.
  path: Assets/Assets/Habitaciones/Puertas del juego/R.prefab
  artifactKey: Guid(2dd50b2a8ee8abd49943c11a37e08879) Importer(815301076,1909f56bfc062723c751e8b465ee728b)
Start importing Assets/Assets/Habitaciones/Puertas del juego/R.prefab using Guid(2dd50b2a8ee8abd49943c11a37e08879) Importer(815301076,1909f56bfc062723c751e8b465ee728b)  -> (artifact id: 'b7e7f6652a7bdea3a5bb00faba7fe9f9') in 0.017262 seconds 
  Import took 0.025084 seconds .

========================================================================
Received Import Request.
  Time since last request: 1.413952 seconds.
  path: Assets/Assets/Habitaciones/Puertas del juego/RB.prefab
  artifactKey: Guid(e1a9e2d530aa1bd4eaa5e0ec7f050820) Importer(815301076,1909f56bfc062723c751e8b465ee728b)
Start importing Assets/Assets/Habitaciones/Puertas del juego/RB.prefab using Guid(e1a9e2d530aa1bd4eaa5e0ec7f050820) Importer(815301076,1909f56bfc062723c751e8b465ee728b)  -> (artifact id: 'fde550d693d8ce6292664d2ca26f0bf8') in 0.013182 seconds 
  Import took 0.019562 seconds .

========================================================================
Received Import Request.
  Time since last request: 2.005233 seconds.
  path: Assets/Assets/Habitaciones/Puertas del juego/T.prefab
  artifactKey: Guid(3fae15089b6a31c4aac9a3a528d438d3) Importer(815301076,1909f56bfc062723c751e8b465ee728b)
Start importing Assets/Assets/Habitaciones/Puertas del juego/T.prefab using Guid(3fae15089b6a31c4aac9a3a528d438d3) Importer(815301076,1909f56bfc062723c751e8b465ee728b)  -> (artifact id: 'd4d625c210dd84b8a3e5d4b16ae8c26e') in 0.013513 seconds 
  Import took 0.020373 seconds .

========================================================================
Received Import Request.
  Time since last request: 1.619396 seconds.
  path: Assets/Assets/Habitaciones/Puertas del juego/TB.prefab
  artifactKey: Guid(dc722c22d9231fb419c4b351a70f962a) Importer(815301076,1909f56bfc062723c751e8b465ee728b)
Start importing Assets/Assets/Habitaciones/Puertas del juego/TB.prefab using Guid(dc722c22d9231fb419c4b351a70f962a) Importer(815301076,1909f56bfc062723c751e8b465ee728b)  -> (artifact id: '4a27755ded6cb7a720316ef894111187') in 0.019226 seconds 
  Import took 0.028465 seconds .

========================================================================
Received Import Request.
  Time since last request: 1.685201 seconds.
  path: Assets/Assets/Habitaciones/Puertas del juego/TL.prefab
  artifactKey: Guid(1f001fca1ac0bbc4a8f372e4f3071e47) Importer(815301076,1909f56bfc062723c751e8b465ee728b)
Start importing Assets/Assets/Habitaciones/Puertas del juego/TL.prefab using Guid(1f001fca1ac0bbc4a8f372e4f3071e47) Importer(815301076,1909f56bfc062723c751e8b465ee728b)  -> (artifact id: 'bbf51d4441c4dc1349da34f2098da3bd') in 0.018364 seconds 
  Import took 0.027487 seconds .

========================================================================
Received Import Request.
  Time since last request: 1.223099 seconds.
  path: Assets/Assets/Habitaciones/Puertas del juego/TR.prefab
  artifactKey: Guid(4f4b958d3198ee749bfbf8920ca70eee) Importer(815301076,1909f56bfc062723c751e8b465ee728b)
Start importing Assets/Assets/Habitaciones/Puertas del juego/TR.prefab using Guid(4f4b958d3198ee749bfbf8920ca70eee) Importer(815301076,1909f56bfc062723c751e8b465ee728b)  -> (artifact id: '162939749fd61c3b7e50c1963ae6732e') in 0.013381 seconds 
  Import took 0.019251 seconds .

========================================================================
Received Prepare
Registering precompiled user dll's ...
Registered in 0.007028 seconds.
Begin MonoManager ReloadAssembly
Native extension for WindowsStandalone target not found
Native extension for WebGL target not found
Refreshing native plugins compatible for Editor in 0.55 ms, found 2 plugins.
Preloading 0 native plugins for Editor in 0.00 ms.
Mono: successfully reloaded assembly
- Completed reload, in  1.837 seconds
Domain Reload Profiling:
	ReloadAssembly (1838ms)
		BeginReloadAssembly (251ms)
			ExecutionOrderSort (0ms)
			DisableScriptedObjects (14ms)
			BackupInstance (0ms)
			ReleaseScriptingObjects (0ms)
			CreateAndSetChildDomain (69ms)
		EndReloadAssembly (1451ms)
			LoadAssemblies (194ms)
			RebuildTransferFunctionScriptingTraits (0ms)
			SetupTypeCache (534ms)
			ReleaseScriptCaches (2ms)
			RebuildScriptCaches (63ms)
			SetupLoadedEditorAssemblies (448ms)
				LogAssemblyErrors (0ms)
				InitializePlatformSupportModulesInManaged (7ms)
				SetLoadedEditorAssemblies (1ms)
				RefreshPlugins (1ms)
				BeforeProcessingInitializeOnLoad (121ms)
				ProcessInitializeOnLoadAttributes (290ms)
				ProcessInitializeOnLoadMethodAttributes (8ms)
				AfterProcessingInitializeOnLoad (21ms)
				EditorAssembliesLoaded (1ms)
			ExecutionOrderSort2 (0ms)
			AwakeInstancesAfterBackupRestoration (37ms)
Platform modules already initialized, skipping
Refreshing native plugins compatible for Editor in 5.04 ms, found 2 plugins.
Preloading 0 native plugins for Editor in 0.00 ms.
Unloading 2627 Unused Serialized files (Serialized files now loaded: 0)
System memory in use before: 124.5 MB.
System memory in use after: 124.7 MB.

Unloading 12 unused Assets to reduce memory usage. Loaded Objects now: 3236.
Total: 16.384300 ms (FindLiveObjects: 0.701700 ms CreateObjectMapping: 0.581600 ms MarkObjects: 15.066000 ms  DeleteObjects: 0.031900 ms)

AssetImportParameters requested are different than current active one (requested -> active):
  custom:framework-win-MediaFoundation: 216162199b28c13a410421893ffa2e32 -> 
  custom:video-decoder-ogg-theora: a1e56fd34408186e4bbccfd4996cb3dc -> 
  custom:container-muxer-webm: aa71ff27fc2769a1b78a27578f13a17b -> 
  custom:container-demuxer-webm: 4f35f7cbe854078d1ac9338744f61a02 -> 
  custom:container-demuxer-ogg: 62fdf1f143b41e24485cea50d1cbac27 -> 
  custom:video-encoder-webm-vp8: eb34c28f22e8b96e1ab97ce403110664 -> 
  custom:video-codec-MediaFoundation-h265: 746d11721c4dcdbdad8f713fa42b33f4 -> 
  custom:video-decoder-webm-vp8: 9c59270c3fd7afecdb556c50c9e8de78 -> 
  custom:audio-decoder-ogg-vorbis: bf7c407c2cedff20999df2af8eb42d56 -> 
  custom:audio-encoder-webm-vorbis: bf7c407c2cedff20999df2af8eb42d56 -> 
========================================================================
Received Import Request.
  Time since last request: 904.464134 seconds.
  path: Assets/Scripts/Core/InGame/roomMeshManager.cs
  artifactKey: Guid(6a4e42603002c094b938a7b48957c065) Importer(815301076,1909f56bfc062723c751e8b465ee728b)
Start importing Assets/Scripts/Core/InGame/roomMeshManager.cs using Guid(6a4e42603002c094b938a7b48957c065) Importer(815301076,1909f56bfc062723c751e8b465ee728b)  -> (artifact id: '97baa787e0b7322d25b717881858e04c') in 0.014952 seconds 
  Import took 0.021851 seconds .

========================================================================
Received Prepare
Registering precompiled user dll's ...
Registered in 0.004497 seconds.
Begin MonoManager ReloadAssembly
Native extension for WindowsStandalone target not found
Native extension for WebGL target not found
Refreshing native plugins compatible for Editor in 0.59 ms, found 2 plugins.
Preloading 0 native plugins for Editor in 0.00 ms.
Mono: successfully reloaded assembly
- Completed reload, in  1.598 seconds
Domain Reload Profiling:
	ReloadAssembly (1600ms)
		BeginReloadAssembly (198ms)
			ExecutionOrderSort (0ms)
			DisableScriptedObjects (6ms)
			BackupInstance (0ms)
			ReleaseScriptingObjects (0ms)
			CreateAndSetChildDomain (61ms)
		EndReloadAssembly (1286ms)
			LoadAssemblies (176ms)
			RebuildTransferFunctionScriptingTraits (0ms)
			SetupTypeCache (495ms)
			ReleaseScriptCaches (2ms)
			RebuildScriptCaches (44ms)
			SetupLoadedEditorAssemblies (428ms)
				LogAssemblyErrors (0ms)
				InitializePlatformSupportModulesInManaged (6ms)
				SetLoadedEditorAssemblies (0ms)
				RefreshPlugins (1ms)
				BeforeProcessingInitializeOnLoad (97ms)
				ProcessInitializeOnLoadAttributes (308ms)
				ProcessInitializeOnLoadMethodAttributes (5ms)
				AfterProcessingInitializeOnLoad (12ms)
				EditorAssembliesLoaded (0ms)
			ExecutionOrderSort2 (0ms)
			AwakeInstancesAfterBackupRestoration (22ms)
Platform modules already initialized, skipping
Refreshing native plugins compatible for Editor in 0.94 ms, found 2 plugins.
Preloading 0 native plugins for Editor in 0.00 ms.
Unloading 2627 Unused Serialized files (Serialized files now loaded: 0)
System memory in use before: 124.6 MB.
System memory in use after: 124.8 MB.

Unloading 12 unused Assets to reduce memory usage. Loaded Objects now: 3238.
Total: 7.231900 ms (FindLiveObjects: 0.486300 ms CreateObjectMapping: 0.246500 ms MarkObjects: 6.455300 ms  DeleteObjects: 0.041400 ms)

AssetImportParameters requested are different than current active one (requested -> active):
  custom:framework-win-MediaFoundation: 216162199b28c13a410421893ffa2e32 -> 
  custom:video-decoder-ogg-theora: a1e56fd34408186e4bbccfd4996cb3dc -> 
  custom:container-muxer-webm: aa71ff27fc2769a1b78a27578f13a17b -> 
  custom:container-demuxer-webm: 4f35f7cbe854078d1ac9338744f61a02 -> 
  custom:container-demuxer-ogg: 62fdf1f143b41e24485cea50d1cbac27 -> 
  custom:video-encoder-webm-vp8: eb34c28f22e8b96e1ab97ce403110664 -> 
  custom:video-codec-MediaFoundation-h265: 746d11721c4dcdbdad8f713fa42b33f4 -> 
  custom:video-decoder-webm-vp8: 9c59270c3fd7afecdb556c50c9e8de78 -> 
  custom:audio-decoder-ogg-vorbis: bf7c407c2cedff20999df2af8eb42d56 -> 
  custom:audio-encoder-webm-vorbis: bf7c407c2cedff20999df2af8eb42d56 -> 
========================================================================
Received Import Request.
  Time since last request: 16.555435 seconds.
  path: Assets/Scripts/Core/InGame/miniMap.cs
  artifactKey: Guid(e3f32f77ccee5884082ab3c2fd6e43af) Importer(815301076,1909f56bfc062723c751e8b465ee728b)
Start importing Assets/Scripts/Core/InGame/miniMap.cs using Guid(e3f32f77ccee5884082ab3c2fd6e43af) Importer(815301076,1909f56bfc062723c751e8b465ee728b)  -> (artifact id: '500ae413e8eae4ad0741caedba35d993') in 0.010491 seconds 
  Import took 0.019402 seconds .

========================================================================
Received Prepare
Registering precompiled user dll's ...
Registered in 0.004801 seconds.
Begin MonoManager ReloadAssembly
Native extension for WindowsStandalone target not found
Native extension for WebGL target not found
Refreshing native plugins compatible for Editor in 4.49 ms, found 2 plugins.
Preloading 0 native plugins for Editor in 0.00 ms.
Mono: successfully reloaded assembly
- Completed reload, in  2.080 seconds
Domain Reload Profiling:
	ReloadAssembly (2081ms)
		BeginReloadAssembly (222ms)
			ExecutionOrderSort (0ms)
			DisableScriptedObjects (9ms)
			BackupInstance (0ms)
			ReleaseScriptingObjects (0ms)
			CreateAndSetChildDomain (90ms)
		EndReloadAssembly (1736ms)
			LoadAssemblies (191ms)
			RebuildTransferFunctionScriptingTraits (0ms)
			SetupTypeCache (679ms)
			ReleaseScriptCaches (2ms)
			RebuildScriptCaches (120ms)
			SetupLoadedEditorAssemblies (452ms)
				LogAssemblyErrors (0ms)
				InitializePlatformSupportModulesInManaged (10ms)
				SetLoadedEditorAssemblies (1ms)
				RefreshPlugins (5ms)
				BeforeProcessingInitializeOnLoad (140ms)
				ProcessInitializeOnLoadAttributes (280ms)
				ProcessInitializeOnLoadMethodAttributes (4ms)
				AfterProcessingInitializeOnLoad (12ms)
				EditorAssembliesLoaded (0ms)
			ExecutionOrderSort2 (0ms)
			AwakeInstancesAfterBackupRestoration (27ms)
Platform modules already initialized, skipping
Refreshing native plugins compatible for Editor in 0.57 ms, found 2 plugins.
Preloading 0 native plugins for Editor in 0.00 ms.
Unloading 2628 Unused Serialized files (Serialized files now loaded: 0)
System memory in use before: 124.6 MB.
System memory in use after: 124.8 MB.

Unloading 12 unused Assets to reduce memory usage. Loaded Objects now: 3241.
Total: 6.350300 ms (FindLiveObjects: 0.332400 ms CreateObjectMapping: 0.125600 ms MarkObjects: 5.862800 ms  DeleteObjects: 0.028000 ms)

AssetImportParameters requested are different than current active one (requested -> active):
  custom:framework-win-MediaFoundation: 216162199b28c13a410421893ffa2e32 -> 
  custom:video-decoder-ogg-theora: a1e56fd34408186e4bbccfd4996cb3dc -> 
  custom:container-muxer-webm: aa71ff27fc2769a1b78a27578f13a17b -> 
  custom:container-demuxer-webm: 4f35f7cbe854078d1ac9338744f61a02 -> 
  custom:container-demuxer-ogg: 62fdf1f143b41e24485cea50d1cbac27 -> 
  custom:video-encoder-webm-vp8: eb34c28f22e8b96e1ab97ce403110664 -> 
  custom:video-codec-MediaFoundation-h265: 746d11721c4dcdbdad8f713fa42b33f4 -> 
  custom:video-decoder-webm-vp8: 9c59270c3fd7afecdb556c50c9e8de78 -> 
  custom:audio-decoder-ogg-vorbis: bf7c407c2cedff20999df2af8eb42d56 -> 
  custom:audio-encoder-webm-vorbis: bf7c407c2cedff20999df2af8eb42d56 -> 
========================================================================
Received Import Request.
  Time since last request: 30.931373 seconds.
  path: Assets/Scripts/Core/InGame/miniMap.cs
  artifactKey: Guid(e3f32f77ccee5884082ab3c2fd6e43af) Importer(815301076,1909f56bfc062723c751e8b465ee728b)
Start importing Assets/Scripts/Core/InGame/miniMap.cs using Guid(e3f32f77ccee5884082ab3c2fd6e43af) Importer(815301076,1909f56bfc062723c751e8b465ee728b)  -> (artifact id: '437ceb9350a0558afb3c1131dd0f4f9a') in 0.006612 seconds 
  Import took 0.013509 seconds .

========================================================================
Received Prepare
Registering precompiled user dll's ...
Registered in 0.003661 seconds.
Begin MonoManager ReloadAssembly
Native extension for WindowsStandalone target not found
Native extension for WebGL target not found
Refreshing native plugins compatible for Editor in 0.86 ms, found 2 plugins.
Preloading 0 native plugins for Editor in 0.00 ms.
Mono: successfully reloaded assembly
- Completed reload, in  1.869 seconds
Domain Reload Profiling:
	ReloadAssembly (1870ms)
		BeginReloadAssembly (137ms)
			ExecutionOrderSort (0ms)
			DisableScriptedObjects (5ms)
			BackupInstance (0ms)
			ReleaseScriptingObjects (0ms)
			CreateAndSetChildDomain (42ms)
		EndReloadAssembly (1634ms)
			LoadAssemblies (161ms)
			RebuildTransferFunctionScriptingTraits (0ms)
			SetupTypeCache (605ms)
			ReleaseScriptCaches (2ms)
			RebuildScriptCaches (93ms)
			SetupLoadedEditorAssemblies (537ms)
				LogAssemblyErrors (0ms)
				InitializePlatformSupportModulesInManaged (12ms)
				SetLoadedEditorAssemblies (1ms)
				RefreshPlugins (1ms)
				BeforeProcessingInitializeOnLoad (149ms)
				ProcessInitializeOnLoadAttributes (356ms)
				ProcessInitializeOnLoadMethodAttributes (5ms)
				AfterProcessingInitializeOnLoad (13ms)
				EditorAssembliesLoaded (0ms)
			ExecutionOrderSort2 (0ms)
			AwakeInstancesAfterBackupRestoration (25ms)
Platform modules already initialized, skipping
Refreshing native plugins compatible for Editor in 0.60 ms, found 2 plugins.
Preloading 0 native plugins for Editor in 0.00 ms.
Unloading 2628 Unused Serialized files (Serialized files now loaded: 0)
System memory in use before: 124.6 MB.
System memory in use after: 124.9 MB.

Unloading 12 unused Assets to reduce memory usage. Loaded Objects now: 3243.
Total: 3.712800 ms (FindLiveObjects: 0.375300 ms CreateObjectMapping: 0.145200 ms MarkObjects: 3.169300 ms  DeleteObjects: 0.022100 ms)

AssetImportParameters requested are different than current active one (requested -> active):
  custom:framework-win-MediaFoundation: 216162199b28c13a410421893ffa2e32 -> 
  custom:video-decoder-ogg-theora: a1e56fd34408186e4bbccfd4996cb3dc -> 
  custom:container-muxer-webm: aa71ff27fc2769a1b78a27578f13a17b -> 
  custom:container-demuxer-webm: 4f35f7cbe854078d1ac9338744f61a02 -> 
  custom:container-demuxer-ogg: 62fdf1f143b41e24485cea50d1cbac27 -> 
  custom:video-encoder-webm-vp8: eb34c28f22e8b96e1ab97ce403110664 -> 
  custom:video-codec-MediaFoundation-h265: 746d11721c4dcdbdad8f713fa42b33f4 -> 
  custom:video-decoder-webm-vp8: 9c59270c3fd7afecdb556c50c9e8de78 -> 
  custom:audio-decoder-ogg-vorbis: bf7c407c2cedff20999df2af8eb42d56 -> 
  custom:audio-encoder-webm-vorbis: bf7c407c2cedff20999df2af8eb42d56 -> 
========================================================================
Received Import Request.
  Time since last request: 29.267841 seconds.
  path: Assets/Scripts/Core/InGame/miniMap.cs
  artifactKey: Guid(e3f32f77ccee5884082ab3c2fd6e43af) Importer(815301076,1909f56bfc062723c751e8b465ee728b)
Start importing Assets/Scripts/Core/InGame/miniMap.cs using Guid(e3f32f77ccee5884082ab3c2fd6e43af) Importer(815301076,1909f56bfc062723c751e8b465ee728b)  -> (artifact id: 'b1e0d153e350cf08d30cfefdd65ea084') in 0.005712 seconds 
  Import took 0.011549 seconds .

========================================================================
Received Prepare
Registering precompiled user dll's ...
Registered in 0.003135 seconds.
Begin MonoManager ReloadAssembly
Native extension for WindowsStandalone target not found
Native extension for WebGL target not found
Refreshing native plugins compatible for Editor in 0.78 ms, found 2 plugins.
Preloading 0 native plugins for Editor in 0.00 ms.
Mono: successfully reloaded assembly
- Completed reload, in  1.835 seconds
Domain Reload Profiling:
	ReloadAssembly (1835ms)
		BeginReloadAssembly (152ms)
			ExecutionOrderSort (0ms)
			DisableScriptedObjects (6ms)
			BackupInstance (0ms)
			ReleaseScriptingObjects (0ms)
			CreateAndSetChildDomain (44ms)
		EndReloadAssembly (1605ms)
			LoadAssemblies (136ms)
			RebuildTransferFunctionScriptingTraits (0ms)
			SetupTypeCache (561ms)
			ReleaseScriptCaches (1ms)
			RebuildScriptCaches (82ms)
			SetupLoadedEditorAssemblies (604ms)
				LogAssemblyErrors (0ms)
				InitializePlatformSupportModulesInManaged (8ms)
				SetLoadedEditorAssemblies (1ms)
				RefreshPlugins (1ms)
				BeforeProcessingInitializeOnLoad (193ms)
				ProcessInitializeOnLoadAttributes (382ms)
				ProcessInitializeOnLoadMethodAttributes (6ms)
				AfterProcessingInitializeOnLoad (12ms)
				EditorAssembliesLoaded (0ms)
			ExecutionOrderSort2 (0ms)
			AwakeInstancesAfterBackupRestoration (22ms)
Platform modules already initialized, skipping
Refreshing native plugins compatible for Editor in 0.84 ms, found 2 plugins.
Preloading 0 native plugins for Editor in 0.00 ms.
Unloading 2628 Unused Serialized files (Serialized files now loaded: 0)
System memory in use before: 124.6 MB.
System memory in use after: 124.9 MB.

Unloading 12 unused Assets to reduce memory usage. Loaded Objects now: 3245.
Total: 6.616100 ms (FindLiveObjects: 0.689000 ms CreateObjectMapping: 0.235300 ms MarkObjects: 5.666500 ms  DeleteObjects: 0.023600 ms)

AssetImportParameters requested are different than current active one (requested -> active):
  custom:framework-win-MediaFoundation: 216162199b28c13a410421893ffa2e32 -> 
  custom:video-decoder-ogg-theora: a1e56fd34408186e4bbccfd4996cb3dc -> 
  custom:container-muxer-webm: aa71ff27fc2769a1b78a27578f13a17b -> 
  custom:container-demuxer-webm: 4f35f7cbe854078d1ac9338744f61a02 -> 
  custom:container-demuxer-ogg: 62fdf1f143b41e24485cea50d1cbac27 -> 
  custom:video-encoder-webm-vp8: eb34c28f22e8b96e1ab97ce403110664 -> 
  custom:video-codec-MediaFoundation-h265: 746d11721c4dcdbdad8f713fa42b33f4 -> 
  custom:video-decoder-webm-vp8: 9c59270c3fd7afecdb556c50c9e8de78 -> 
  custom:audio-decoder-ogg-vorbis: bf7c407c2cedff20999df2af8eb42d56 -> 
  custom:audio-encoder-webm-vorbis: bf7c407c2cedff20999df2af8eb42d56 -> 
========================================================================
Received Import Request.
  Time since last request: 31.477004 seconds.
  path: Assets/Scripts/Core/InGame/miniMap.cs
  artifactKey: Guid(e3f32f77ccee5884082ab3c2fd6e43af) Importer(815301076,1909f56bfc062723c751e8b465ee728b)
Start importing Assets/Scripts/Core/InGame/miniMap.cs using Guid(e3f32f77ccee5884082ab3c2fd6e43af) Importer(815301076,1909f56bfc062723c751e8b465ee728b)  -> (artifact id: '1cddf8821f0cd64249fefab77dd7eb41') in 0.006089 seconds 
  Import took 0.011766 seconds .

========================================================================
Received Prepare
Registering precompiled user dll's ...
Registered in 0.003500 seconds.
Begin MonoManager ReloadAssembly
Native extension for WindowsStandalone target not found
Native extension for WebGL target not found
Refreshing native plugins compatible for Editor in 0.85 ms, found 2 plugins.
Preloading 0 native plugins for Editor in 0.00 ms.
Mono: successfully reloaded assembly
- Completed reload, in  1.729 seconds
Domain Reload Profiling:
	ReloadAssembly (1730ms)
		BeginReloadAssembly (134ms)
			ExecutionOrderSort (0ms)
			DisableScriptedObjects (6ms)
			BackupInstance (0ms)
			ReleaseScriptingObjects (0ms)
			CreateAndSetChildDomain (36ms)
		EndReloadAssembly (1497ms)
			LoadAssemblies (132ms)
			RebuildTransferFunctionScriptingTraits (0ms)
			SetupTypeCache (528ms)
			ReleaseScriptCaches (2ms)
			RebuildScriptCaches (74ms)
			SetupLoadedEditorAssemblies (523ms)
				LogAssemblyErrors (0ms)
				InitializePlatformSupportModulesInManaged (8ms)
				SetLoadedEditorAssemblies (1ms)
				RefreshPlugins (1ms)
				BeforeProcessingInitializeOnLoad (161ms)
				ProcessInitializeOnLoadAttributes (337ms)
				ProcessInitializeOnLoadMethodAttributes (4ms)
				AfterProcessingInitializeOnLoad (11ms)
				EditorAssembliesLoaded (1ms)
			ExecutionOrderSort2 (0ms)
			AwakeInstancesAfterBackupRestoration (23ms)
Platform modules already initialized, skipping
Refreshing native plugins compatible for Editor in 0.61 ms, found 2 plugins.
Preloading 0 native plugins for Editor in 0.00 ms.
Unloading 2628 Unused Serialized files (Serialized files now loaded: 0)
System memory in use before: 124.7 MB.
System memory in use after: 124.9 MB.

Unloading 12 unused Assets to reduce memory usage. Loaded Objects now: 3247.
Total: 6.175800 ms (FindLiveObjects: 0.481000 ms CreateObjectMapping: 0.196800 ms MarkObjects: 5.464400 ms  DeleteObjects: 0.029900 ms)

AssetImportParameters requested are different than current active one (requested -> active):
  custom:framework-win-MediaFoundation: 216162199b28c13a410421893ffa2e32 -> 
  custom:video-decoder-ogg-theora: a1e56fd34408186e4bbccfd4996cb3dc -> 
  custom:container-muxer-webm: aa71ff27fc2769a1b78a27578f13a17b -> 
  custom:container-demuxer-webm: 4f35f7cbe854078d1ac9338744f61a02 -> 
  custom:container-demuxer-ogg: 62fdf1f143b41e24485cea50d1cbac27 -> 
  custom:video-encoder-webm-vp8: eb34c28f22e8b96e1ab97ce403110664 -> 
  custom:video-codec-MediaFoundation-h265: 746d11721c4dcdbdad8f713fa42b33f4 -> 
  custom:video-decoder-webm-vp8: 9c59270c3fd7afecdb556c50c9e8de78 -> 
  custom:audio-decoder-ogg-vorbis: bf7c407c2cedff20999df2af8eb42d56 -> 
  custom:audio-encoder-webm-vorbis: bf7c407c2cedff20999df2af8eb42d56 -> 
========================================================================
Received Import Request.
  Time since last request: 36.492104 seconds.
  path: Assets/Assets/UI
  artifactKey: Guid(130ed66a5ce0a364c9082ae6b03bc360) Importer(815301076,1909f56bfc062723c751e8b465ee728b)
Start importing Assets/Assets/UI using Guid(130ed66a5ce0a364c9082ae6b03bc360) Importer(815301076,1909f56bfc062723c751e8b465ee728b)  -> (artifact id: '23a75f088e1d5a50bdc12d6d0c261276') in 0.009285 seconds 
  Import took 0.018471 seconds .

========================================================================
Received Import Request.
  Time since last request: 16.195539 seconds.
  path: Assets/Assets/Habitaciones/Puertas del juego/B.prefab
  artifactKey: Guid(131d81bf2a3161b47a1c43e658a45034) Importer(815301076,1909f56bfc062723c751e8b465ee728b)
Start importing Assets/Assets/Habitaciones/Puertas del juego/B.prefab using Guid(131d81bf2a3161b47a1c43e658a45034) Importer(815301076,1909f56bfc062723c751e8b465ee728b)  -> (artifact id: 'c8c1ccc456854f0c80ffffab38629d1b') in 0.359025 seconds 
  Import took 0.365592 seconds .

========================================================================
Received Import Request.
  Time since last request: 4.733594 seconds.
  path: Assets/Assets/Habitaciones/Puertas del juego/BL.prefab
  artifactKey: Guid(ae2d64337e936eb418b83484fcd11d08) Importer(815301076,1909f56bfc062723c751e8b465ee728b)
Start importing Assets/Assets/Habitaciones/Puertas del juego/BL.prefab using Guid(ae2d64337e936eb418b83484fcd11d08) Importer(815301076,1909f56bfc062723c751e8b465ee728b)  -> (artifact id: '98fd70688b8712663e110c8a475252bd') in 0.049259 seconds 
  Import took 0.055764 seconds .

========================================================================
Received Import Request.
  Time since last request: 5.585225 seconds.
  path: Assets/Assets/Habitaciones/Puertas del juego/L.prefab
  artifactKey: Guid(a8217c87c06537545bbb1f7cbbce68dc) Importer(815301076,1909f56bfc062723c751e8b465ee728b)
Start importing Assets/Assets/Habitaciones/Puertas del juego/L.prefab using Guid(a8217c87c06537545bbb1f7cbbce68dc) Importer(815301076,1909f56bfc062723c751e8b465ee728b)  -> (artifact id: 'a0153e992ebca10b33b0c0143d7f0a62') in 0.016726 seconds 
  Import took 0.024802 seconds .

========================================================================
Received Import Request.
  Time since last request: 3.394588 seconds.
  path: Assets/Assets/Habitaciones/Puertas del juego/LR.prefab
  artifactKey: Guid(55cec621827845b4b9d4602d5ed262e0) Importer(815301076,1909f56bfc062723c751e8b465ee728b)
Start importing Assets/Assets/Habitaciones/Puertas del juego/LR.prefab using Guid(55cec621827845b4b9d4602d5ed262e0) Importer(815301076,1909f56bfc062723c751e8b465ee728b)  -> (artifact id: 'bdbee973f563e775947a3a1907bfe414') in 0.011735 seconds 
  Import took 0.017626 seconds .

========================================================================
Received Import Request.
  Time since last request: 3.125320 seconds.
  path: Assets/Assets/Habitaciones/Puertas del juego/R.prefab
  artifactKey: Guid(2dd50b2a8ee8abd49943c11a37e08879) Importer(815301076,1909f56bfc062723c751e8b465ee728b)
Start importing Assets/Assets/Habitaciones/Puertas del juego/R.prefab using Guid(2dd50b2a8ee8abd49943c11a37e08879) Importer(815301076,1909f56bfc062723c751e8b465ee728b)  -> (artifact id: '452353f00bcbde8f3698881bcfb9c8e0') in 0.012319 seconds 
  Import took 0.018875 seconds .

========================================================================
Received Import Request.
  Time since last request: 4.921661 seconds.
  path: Assets/Assets/Habitaciones/Puertas del juego/RB.prefab
  artifactKey: Guid(e1a9e2d530aa1bd4eaa5e0ec7f050820) Importer(815301076,1909f56bfc062723c751e8b465ee728b)
Start importing Assets/Assets/Habitaciones/Puertas del juego/RB.prefab using Guid(e1a9e2d530aa1bd4eaa5e0ec7f050820) Importer(815301076,1909f56bfc062723c751e8b465ee728b)  -> (artifact id: 'fdb290a76ad8cd90e61b4cb973b7e2ce') in 0.015794 seconds 
  Import took 0.024332 seconds .

========================================================================
Received Import Request.
  Time since last request: 14.511302 seconds.
  path: Assets/Assets/Habitaciones/Puertas del juego/T.prefab
  artifactKey: Guid(3fae15089b6a31c4aac9a3a528d438d3) Importer(815301076,1909f56bfc062723c751e8b465ee728b)
Start importing Assets/Assets/Habitaciones/Puertas del juego/T.prefab using Guid(3fae15089b6a31c4aac9a3a528d438d3) Importer(815301076,1909f56bfc062723c751e8b465ee728b)  -> (artifact id: '566121d98d238ecdc7a5660e11afbd26') in 0.032089 seconds 
  Import took 0.043823 seconds .

========================================================================
Received Import Request.
  Time since last request: 6.053372 seconds.
  path: Assets/Assets/Habitaciones/Puertas del juego/TB.prefab
  artifactKey: Guid(dc722c22d9231fb419c4b351a70f962a) Importer(815301076,1909f56bfc062723c751e8b465ee728b)
Start importing Assets/Assets/Habitaciones/Puertas del juego/TB.prefab using Guid(dc722c22d9231fb419c4b351a70f962a) Importer(815301076,1909f56bfc062723c751e8b465ee728b)  -> (artifact id: '8b9a3cf4779ec31625645fc16ab5a86f') in 0.012393 seconds 
  Import took 0.017691 seconds .

========================================================================
Received Import Request.
  Time since last request: 5.332409 seconds.
  path: Assets/Assets/Habitaciones/Puertas del juego/TL.prefab
  artifactKey: Guid(1f001fca1ac0bbc4a8f372e4f3071e47) Importer(815301076,1909f56bfc062723c751e8b465ee728b)
Start importing Assets/Assets/Habitaciones/Puertas del juego/TL.prefab using Guid(1f001fca1ac0bbc4a8f372e4f3071e47) Importer(815301076,1909f56bfc062723c751e8b465ee728b)  -> (artifact id: '0b88ecba3f1fc4b1b89022667f46d062') in 0.013936 seconds 
  Import took 0.019872 seconds .

========================================================================
Received Import Request.
  Time since last request: 3.402741 seconds.
  path: Assets/Assets/Habitaciones/Puertas del juego/TL.prefab
  artifactKey: Guid(1f001fca1ac0bbc4a8f372e4f3071e47) Importer(815301076,1909f56bfc062723c751e8b465ee728b)
Start importing Assets/Assets/Habitaciones/Puertas del juego/TL.prefab using Guid(1f001fca1ac0bbc4a8f372e4f3071e47) Importer(815301076,1909f56bfc062723c751e8b465ee728b)  -> (artifact id: '8720d37ded860585d7f2481864cb081f') in 0.020758 seconds 
  Import took 0.031522 seconds .

========================================================================
Received Import Request.
  Time since last request: 6.832770 seconds.
  path: Assets/Assets/Habitaciones/Puertas del juego/TR.prefab
  artifactKey: Guid(4f4b958d3198ee749bfbf8920ca70eee) Importer(815301076,1909f56bfc062723c751e8b465ee728b)
Start importing Assets/Assets/Habitaciones/Puertas del juego/TR.prefab using Guid(4f4b958d3198ee749bfbf8920ca70eee) Importer(815301076,1909f56bfc062723c751e8b465ee728b)  -> (artifact id: 'ce125808de6057992dcd0827c65c834a') in 0.011045 seconds 
  Import took 0.020189 seconds .

========================================================================
Received Import Request.
  Time since last request: 11.572868 seconds.
  path: Assets/Assets/Habitaciones/Puertas del juego/CentralRoom.prefab
  artifactKey: Guid(a944dc578bd50d54db8ed2211d06a65f) Importer(815301076,1909f56bfc062723c751e8b465ee728b)
Start importing Assets/Assets/Habitaciones/Puertas del juego/CentralRoom.prefab using Guid(a944dc578bd50d54db8ed2211d06a65f) Importer(815301076,1909f56bfc062723c751e8b465ee728b)  -> (artifact id: '8e01af2eb4de4b92a519c7351263cb10') in 0.016879 seconds 
  Import took 0.024490 seconds .

========================================================================
Received Prepare
Registering precompiled user dll's ...
Registered in 0.005317 seconds.
Begin MonoManager ReloadAssembly
Native extension for WindowsStandalone target not found
Native extension for WebGL target not found
Refreshing native plugins compatible for Editor in 0.83 ms, found 2 plugins.
Preloading 0 native plugins for Editor in 0.00 ms.
Mono: successfully reloaded assembly
- Completed reload, in  1.847 seconds
Domain Reload Profiling:
	ReloadAssembly (1847ms)
		BeginReloadAssembly (171ms)
			ExecutionOrderSort (0ms)
			DisableScriptedObjects (8ms)
			BackupInstance (0ms)
			ReleaseScriptingObjects (0ms)
			CreateAndSetChildDomain (51ms)
		EndReloadAssembly (1543ms)
			LoadAssemblies (185ms)
			RebuildTransferFunctionScriptingTraits (0ms)
			SetupTypeCache (513ms)
			ReleaseScriptCaches (2ms)
			RebuildScriptCaches (95ms)
			SetupLoadedEditorAssemblies (506ms)
				LogAssemblyErrors (0ms)
				InitializePlatformSupportModulesInManaged (8ms)
				SetLoadedEditorAssemblies (1ms)
				RefreshPlugins (1ms)
				BeforeProcessingInitializeOnLoad (126ms)
				ProcessInitializeOnLoadAttributes (352ms)
				ProcessInitializeOnLoadMethodAttributes (5ms)
				AfterProcessingInitializeOnLoad (13ms)
				EditorAssembliesLoaded (0ms)
			ExecutionOrderSort2 (0ms)
			AwakeInstancesAfterBackupRestoration (25ms)
Platform modules already initialized, skipping
Refreshing native plugins compatible for Editor in 0.60 ms, found 2 plugins.
Preloading 0 native plugins for Editor in 0.00 ms.
Unloading 2628 Unused Serialized files (Serialized files now loaded: 0)
System memory in use before: 124.8 MB.
System memory in use after: 125.1 MB.

Unloading 12 unused Assets to reduce memory usage. Loaded Objects now: 3285.
Total: 7.219200 ms (FindLiveObjects: 0.350700 ms CreateObjectMapping: 0.126800 ms MarkObjects: 6.691600 ms  DeleteObjects: 0.048500 ms)

AssetImportParameters requested are different than current active one (requested -> active):
  custom:framework-win-MediaFoundation: 216162199b28c13a410421893ffa2e32 -> 
  custom:video-decoder-ogg-theora: a1e56fd34408186e4bbccfd4996cb3dc -> 
  custom:container-muxer-webm: aa71ff27fc2769a1b78a27578f13a17b -> 
  custom:container-demuxer-webm: 4f35f7cbe854078d1ac9338744f61a02 -> 
  custom:container-demuxer-ogg: 62fdf1f143b41e24485cea50d1cbac27 -> 
  custom:video-encoder-webm-vp8: eb34c28f22e8b96e1ab97ce403110664 -> 
  custom:video-codec-MediaFoundation-h265: 746d11721c4dcdbdad8f713fa42b33f4 -> 
  custom:video-decoder-webm-vp8: 9c59270c3fd7afecdb556c50c9e8de78 -> 
  custom:audio-decoder-ogg-vorbis: bf7c407c2cedff20999df2af8eb42d56 -> 
  custom:audio-encoder-webm-vorbis: bf7c407c2cedff20999df2af8eb42d56 -> 
========================================================================
Received Import Request.
  Time since last request: 41.436703 seconds.
  path: Assets/Assets/Habitaciones/Puertas del juego/B.prefab
  artifactKey: Guid(131d81bf2a3161b47a1c43e658a45034) Importer(815301076,1909f56bfc062723c751e8b465ee728b)
Start importing Assets/Assets/Habitaciones/Puertas del juego/B.prefab using Guid(131d81bf2a3161b47a1c43e658a45034) Importer(815301076,1909f56bfc062723c751e8b465ee728b)  -> (artifact id: '4fd66caa5eb7cf6e200aacaece43d26d') in 0.240435 seconds 
  Import took 0.248315 seconds .

========================================================================
Received Import Request.
  Time since last request: 6.740691 seconds.
  path: Assets/Assets/Habitaciones/Puertas del juego/BL.prefab
  artifactKey: Guid(ae2d64337e936eb418b83484fcd11d08) Importer(815301076,1909f56bfc062723c751e8b465ee728b)
Start importing Assets/Assets/Habitaciones/Puertas del juego/BL.prefab using Guid(ae2d64337e936eb418b83484fcd11d08) Importer(815301076,1909f56bfc062723c751e8b465ee728b)  -> (artifact id: '72afd2d27a494a5e556e0529696ac291') in 0.012529 seconds 
  Import took 0.017978 seconds .

========================================================================
Received Import Request.
  Time since last request: 2.517623 seconds.
  path: Assets/Assets/Habitaciones/Puertas del juego/BL.prefab
  artifactKey: Guid(ae2d64337e936eb418b83484fcd11d08) Importer(815301076,1909f56bfc062723c751e8b465ee728b)
Start importing Assets/Assets/Habitaciones/Puertas del juego/BL.prefab using Guid(ae2d64337e936eb418b83484fcd11d08) Importer(815301076,1909f56bfc062723c751e8b465ee728b)  -> (artifact id: '7da6b057dc55e9b3e6f9ed2cc63cb0ee') in 0.014226 seconds 
  Import took 0.019767 seconds .

========================================================================
Received Import Request.
  Time since last request: 5.557765 seconds.
  path: Assets/Assets/Habitaciones/Puertas del juego/L.prefab
  artifactKey: Guid(a8217c87c06537545bbb1f7cbbce68dc) Importer(815301076,1909f56bfc062723c751e8b465ee728b)
Start importing Assets/Assets/Habitaciones/Puertas del juego/L.prefab using Guid(a8217c87c06537545bbb1f7cbbce68dc) Importer(815301076,1909f56bfc062723c751e8b465ee728b)  -> (artifact id: '84da4676ccca4840f63f3d653e2370d3') in 0.013929 seconds 
  Import took 0.019855 seconds .

========================================================================
Received Import Request.
  Time since last request: 2.641895 seconds.
  path: Assets/Assets/Habitaciones/Puertas del juego/L.prefab
  artifactKey: Guid(a8217c87c06537545bbb1f7cbbce68dc) Importer(815301076,1909f56bfc062723c751e8b465ee728b)
Start importing Assets/Assets/Habitaciones/Puertas del juego/L.prefab using Guid(a8217c87c06537545bbb1f7cbbce68dc) Importer(815301076,1909f56bfc062723c751e8b465ee728b)  -> (artifact id: '601d71fec4da859c66648252d0ef399d') in 0.019482 seconds 
  Import took 0.032856 seconds .

========================================================================
Received Import Request.
  Time since last request: 5.814738 seconds.
  path: Assets/Assets/Habitaciones/Puertas del juego/LR.prefab
  artifactKey: Guid(55cec621827845b4b9d4602d5ed262e0) Importer(815301076,1909f56bfc062723c751e8b465ee728b)
Start importing Assets/Assets/Habitaciones/Puertas del juego/LR.prefab using Guid(55cec621827845b4b9d4602d5ed262e0) Importer(815301076,1909f56bfc062723c751e8b465ee728b)  -> (artifact id: '236bdceb99c87f07f6ecd944e09de8bf') in 0.047563 seconds 
  Import took 0.053993 seconds .

========================================================================
Received Import Request.
  Time since last request: 3.183281 seconds.
  path: Assets/Assets/Habitaciones/Puertas del juego/LR.prefab
  artifactKey: Guid(55cec621827845b4b9d4602d5ed262e0) Importer(815301076,1909f56bfc062723c751e8b465ee728b)
Start importing Assets/Assets/Habitaciones/Puertas del juego/LR.prefab using Guid(55cec621827845b4b9d4602d5ed262e0) Importer(815301076,1909f56bfc062723c751e8b465ee728b)  -> (artifact id: '918f8e5e5053eaaab4c232b26524ea83') in 0.029299 seconds 
  Import took 0.046402 seconds .

========================================================================
Received Import Request.
  Time since last request: 4.360052 seconds.
  path: Assets/Assets/Habitaciones/Puertas del juego/R.prefab
  artifactKey: Guid(2dd50b2a8ee8abd49943c11a37e08879) Importer(815301076,1909f56bfc062723c751e8b465ee728b)
Start importing Assets/Assets/Habitaciones/Puertas del juego/R.prefab using Guid(2dd50b2a8ee8abd49943c11a37e08879) Importer(815301076,1909f56bfc062723c751e8b465ee728b)  -> (artifact id: '06471e6ee9267cc3c7b2d1256f4638c3') in 0.011543 seconds 
  Import took 0.018410 seconds .

========================================================================
Received Import Request.
  Time since last request: 9.756614 seconds.
  path: Assets/Assets/Habitaciones/Puertas del juego/R.prefab
  artifactKey: Guid(2dd50b2a8ee8abd49943c11a37e08879) Importer(815301076,1909f56bfc062723c751e8b465ee728b)
Start importing Assets/Assets/Habitaciones/Puertas del juego/R.prefab using Guid(2dd50b2a8ee8abd49943c11a37e08879) Importer(815301076,1909f56bfc062723c751e8b465ee728b)  -> (artifact id: '643bb4c971f712265e15c657d355c032') in 0.014772 seconds 
  Import took 0.020642 seconds .

========================================================================
Received Import Request.
  Time since last request: 1.743529 seconds.
  path: Assets/Assets/Habitaciones/Puertas del juego/R.prefab
  artifactKey: Guid(2dd50b2a8ee8abd49943c11a37e08879) Importer(815301076,1909f56bfc062723c751e8b465ee728b)
Start importing Assets/Assets/Habitaciones/Puertas del juego/R.prefab using Guid(2dd50b2a8ee8abd49943c11a37e08879) Importer(815301076,1909f56bfc062723c751e8b465ee728b)  -> (artifact id: '0b937da476b96271dc9e701a6f762b4e') in 0.025969 seconds 
  Import took 0.039115 seconds .

========================================================================
Received Import Request.
  Time since last request: 9.236013 seconds.
  path: Assets/Assets/Habitaciones/Puertas del juego/RB.prefab
  artifactKey: Guid(e1a9e2d530aa1bd4eaa5e0ec7f050820) Importer(815301076,1909f56bfc062723c751e8b465ee728b)
Start importing Assets/Assets/Habitaciones/Puertas del juego/RB.prefab using Guid(e1a9e2d530aa1bd4eaa5e0ec7f050820) Importer(815301076,1909f56bfc062723c751e8b465ee728b)  -> (artifact id: '776f9ef9ad9561dbb9280f92cb0ec8ca') in 0.010596 seconds 
  Import took 0.016763 seconds .

========================================================================
Received Import Request.
  Time since last request: 6.705157 seconds.
  path: Assets/Assets/Habitaciones/Puertas del juego/RB.prefab
  artifactKey: Guid(e1a9e2d530aa1bd4eaa5e0ec7f050820) Importer(815301076,1909f56bfc062723c751e8b465ee728b)
Start importing Assets/Assets/Habitaciones/Puertas del juego/RB.prefab using Guid(e1a9e2d530aa1bd4eaa5e0ec7f050820) Importer(815301076,1909f56bfc062723c751e8b465ee728b)  -> (artifact id: '4b9a8405ede0bc9bf8440dee51dfc6c8') in 0.013772 seconds 
  Import took 0.050915 seconds .

========================================================================
Received Import Request.
  Time since last request: 7.374316 seconds.
  path: Assets/Assets/Habitaciones/Puertas del juego/T.prefab
  artifactKey: Guid(3fae15089b6a31c4aac9a3a528d438d3) Importer(815301076,1909f56bfc062723c751e8b465ee728b)
Start importing Assets/Assets/Habitaciones/Puertas del juego/T.prefab using Guid(3fae15089b6a31c4aac9a3a528d438d3) Importer(815301076,1909f56bfc062723c751e8b465ee728b)  -> (artifact id: '687ae0ecbd1ea5ed399b6c80939e21fb') in 0.042016 seconds 
  Import took 0.086471 seconds .

========================================================================
Received Import Request.
  Time since last request: 1.868187 seconds.
  path: Assets/Assets/Habitaciones/Puertas del juego/T.prefab
  artifactKey: Guid(3fae15089b6a31c4aac9a3a528d438d3) Importer(815301076,1909f56bfc062723c751e8b465ee728b)
Start importing Assets/Assets/Habitaciones/Puertas del juego/T.prefab using Guid(3fae15089b6a31c4aac9a3a528d438d3) Importer(815301076,1909f56bfc062723c751e8b465ee728b)  -> (artifact id: '4231e8a6ddf7e18f3766ad6e2cdbc78d') in 0.028885 seconds 
  Import took 0.041513 seconds .

========================================================================
Received Import Request.
  Time since last request: 7.717371 seconds.
  path: Assets/Assets/Habitaciones/Puertas del juego/TB.prefab
  artifactKey: Guid(dc722c22d9231fb419c4b351a70f962a) Importer(815301076,1909f56bfc062723c751e8b465ee728b)
Start importing Assets/Assets/Habitaciones/Puertas del juego/TB.prefab using Guid(dc722c22d9231fb419c4b351a70f962a) Importer(815301076,1909f56bfc062723c751e8b465ee728b)  -> (artifact id: 'defb8b869fea3ab97d7f31030771ed07') in 0.012359 seconds 
  Import took 0.019624 seconds .

========================================================================
Received Import Request.
  Time since last request: 1.692541 seconds.
  path: Assets/Assets/Habitaciones/Puertas del juego/TB.prefab
  artifactKey: Guid(dc722c22d9231fb419c4b351a70f962a) Importer(815301076,1909f56bfc062723c751e8b465ee728b)
Start importing Assets/Assets/Habitaciones/Puertas del juego/TB.prefab using Guid(dc722c22d9231fb419c4b351a70f962a) Importer(815301076,1909f56bfc062723c751e8b465ee728b)  -> (artifact id: '34475012ac14c994e5a217f0b3925884') in 0.145502 seconds 
  Import took 0.152157 seconds .

========================================================================
Received Import Request.
  Time since last request: 5.772782 seconds.
  path: Assets/Assets/Habitaciones/Puertas del juego/TL.prefab
  artifactKey: Guid(1f001fca1ac0bbc4a8f372e4f3071e47) Importer(815301076,1909f56bfc062723c751e8b465ee728b)
Start importing Assets/Assets/Habitaciones/Puertas del juego/TL.prefab using Guid(1f001fca1ac0bbc4a8f372e4f3071e47) Importer(815301076,1909f56bfc062723c751e8b465ee728b)  -> (artifact id: 'd09588b390446a1c81d7226f3c2abe59') in 0.012464 seconds 
  Import took 0.019157 seconds .

========================================================================
Received Import Request.
  Time since last request: 2.722667 seconds.
  path: Assets/Assets/Habitaciones/Puertas del juego/TL.prefab
  artifactKey: Guid(1f001fca1ac0bbc4a8f372e4f3071e47) Importer(815301076,1909f56bfc062723c751e8b465ee728b)
Start importing Assets/Assets/Habitaciones/Puertas del juego/TL.prefab using Guid(1f001fca1ac0bbc4a8f372e4f3071e47) Importer(815301076,1909f56bfc062723c751e8b465ee728b)  -> (artifact id: 'd39bbee0127c4132c897e2efa94d5609') in 0.013120 seconds 
  Import took 0.019177 seconds .

========================================================================
Received Import Request.
  Time since last request: 7.140254 seconds.
  path: Assets/Assets/Habitaciones/Puertas del juego/TR.prefab
  artifactKey: Guid(4f4b958d3198ee749bfbf8920ca70eee) Importer(815301076,1909f56bfc062723c751e8b465ee728b)
Start importing Assets/Assets/Habitaciones/Puertas del juego/TR.prefab using Guid(4f4b958d3198ee749bfbf8920ca70eee) Importer(815301076,1909f56bfc062723c751e8b465ee728b)  -> (artifact id: '04a3733cd99c25127ff47d8830965a14') in 0.011322 seconds 
  Import took 0.018906 seconds .

========================================================================
Received Import Request.
  Time since last request: 2.973171 seconds.
  path: Assets/Assets/Habitaciones/Puertas del juego/TR.prefab
  artifactKey: Guid(4f4b958d3198ee749bfbf8920ca70eee) Importer(815301076,1909f56bfc062723c751e8b465ee728b)
Start importing Assets/Assets/Habitaciones/Puertas del juego/TR.prefab using Guid(4f4b958d3198ee749bfbf8920ca70eee) Importer(815301076,1909f56bfc062723c751e8b465ee728b)  -> (artifact id: '8f6b3617a8fc27dac2a4ad84e429133c') in 0.014155 seconds 
  Import took 0.020918 seconds .

========================================================================
Received Prepare
Registering precompiled user dll's ...
Registered in 0.003545 seconds.
Begin MonoManager ReloadAssembly
Native extension for WindowsStandalone target not found
Native extension for WebGL target not found
Refreshing native plugins compatible for Editor in 0.99 ms, found 2 plugins.
Preloading 0 native plugins for Editor in 0.00 ms.
Mono: successfully reloaded assembly
- Completed reload, in  2.505 seconds
Domain Reload Profiling:
	ReloadAssembly (2506ms)
		BeginReloadAssembly (231ms)
			ExecutionOrderSort (0ms)
			DisableScriptedObjects (17ms)
			BackupInstance (0ms)
			ReleaseScriptingObjects (0ms)
			CreateAndSetChildDomain (65ms)
		EndReloadAssembly (2168ms)
			LoadAssemblies (192ms)
			RebuildTransferFunctionScriptingTraits (0ms)
			SetupTypeCache (726ms)
			ReleaseScriptCaches (4ms)
			RebuildScriptCaches (140ms)
			SetupLoadedEditorAssemblies (733ms)
				LogAssemblyErrors (0ms)
				InitializePlatformSupportModulesInManaged (10ms)
				SetLoadedEditorAssemblies (1ms)
				RefreshPlugins (1ms)
				BeforeProcessingInitializeOnLoad (164ms)
				ProcessInitializeOnLoadAttributes (521ms)
				ProcessInitializeOnLoadMethodAttributes (10ms)
				AfterProcessingInitializeOnLoad (25ms)
				EditorAssembliesLoaded (1ms)
			ExecutionOrderSort2 (0ms)
			AwakeInstancesAfterBackupRestoration (48ms)
Platform modules already initialized, skipping
Refreshing native plugins compatible for Editor in 0.62 ms, found 2 plugins.
Preloading 0 native plugins for Editor in 0.00 ms.
Unloading 2628 Unused Serialized files (Serialized files now loaded: 0)
System memory in use before: 125.0 MB.
System memory in use after: 125.2 MB.

Unloading 12 unused Assets to reduce memory usage. Loaded Objects now: 3323.
Total: 5.336500 ms (FindLiveObjects: 0.314600 ms CreateObjectMapping: 0.186300 ms MarkObjects: 4.810200 ms  DeleteObjects: 0.023800 ms)

AssetImportParameters requested are different than current active one (requested -> active):
  custom:framework-win-MediaFoundation: 216162199b28c13a410421893ffa2e32 -> 
  custom:video-decoder-ogg-theora: a1e56fd34408186e4bbccfd4996cb3dc -> 
  custom:container-muxer-webm: aa71ff27fc2769a1b78a27578f13a17b -> 
  custom:container-demuxer-webm: 4f35f7cbe854078d1ac9338744f61a02 -> 
  custom:container-demuxer-ogg: 62fdf1f143b41e24485cea50d1cbac27 -> 
  custom:video-encoder-webm-vp8: eb34c28f22e8b96e1ab97ce403110664 -> 
  custom:video-codec-MediaFoundation-h265: 746d11721c4dcdbdad8f713fa42b33f4 -> 
  custom:video-decoder-webm-vp8: 9c59270c3fd7afecdb556c50c9e8de78 -> 
  custom:audio-decoder-ogg-vorbis: bf7c407c2cedff20999df2af8eb42d56 -> 
  custom:audio-encoder-webm-vorbis: bf7c407c2cedff20999df2af8eb42d56 -> 
========================================================================
Received Import Request.
  Time since last request: 147.386325 seconds.
  path: Assets/Assets/Habitaciones/Puertas del juego/LR.prefab
  artifactKey: Guid(55cec621827845b4b9d4602d5ed262e0) Importer(815301076,1909f56bfc062723c751e8b465ee728b)
Start importing Assets/Assets/Habitaciones/Puertas del juego/LR.prefab using Guid(55cec621827845b4b9d4602d5ed262e0) Importer(815301076,1909f56bfc062723c751e8b465ee728b)  -> (artifact id: '85c6c7cf2ec4695ab62a4289c7d303a6') in 0.258493 seconds 
  Import took 0.265183 seconds .

========================================================================
Received Prepare
Registering precompiled user dll's ...
Registered in 0.007758 seconds.
Begin MonoManager ReloadAssembly
Native extension for WindowsStandalone target not found
Native extension for WebGL target not found
Refreshing native plugins compatible for Editor in 0.50 ms, found 2 plugins.
Preloading 0 native plugins for Editor in 0.00 ms.
Mono: successfully reloaded assembly
- Completed reload, in  1.235 seconds
Domain Reload Profiling:
	ReloadAssembly (1235ms)
		BeginReloadAssembly (181ms)
			ExecutionOrderSort (0ms)
			DisableScriptedObjects (8ms)
			BackupInstance (0ms)
			ReleaseScriptingObjects (0ms)
			CreateAndSetChildDomain (47ms)
		EndReloadAssembly (965ms)
			LoadAssemblies (147ms)
			RebuildTransferFunctionScriptingTraits (0ms)
			SetupTypeCache (321ms)
			ReleaseScriptCaches (1ms)
			RebuildScriptCaches (45ms)
			SetupLoadedEditorAssemblies (340ms)
				LogAssemblyErrors (0ms)
				InitializePlatformSupportModulesInManaged (5ms)
				SetLoadedEditorAssemblies (0ms)
				RefreshPlugins (1ms)
				BeforeProcessingInitializeOnLoad (90ms)
				ProcessInitializeOnLoadAttributes (226ms)
				ProcessInitializeOnLoadMethodAttributes (4ms)
				AfterProcessingInitializeOnLoad (13ms)
				EditorAssembliesLoaded (0ms)
			ExecutionOrderSort2 (0ms)
			AwakeInstancesAfterBackupRestoration (22ms)
Platform modules already initialized, skipping
Refreshing native plugins compatible for Editor in 0.55 ms, found 2 plugins.
Preloading 0 native plugins for Editor in 0.00 ms.
Unloading 2628 Unused Serialized files (Serialized files now loaded: 0)
System memory in use before: 125.1 MB.
System memory in use after: 125.4 MB.

Unloading 12 unused Assets to reduce memory usage. Loaded Objects now: 3361.
Total: 3.996400 ms (FindLiveObjects: 0.301300 ms CreateObjectMapping: 0.143700 ms MarkObjects: 3.500300 ms  DeleteObjects: 0.049500 ms)

AssetImportParameters requested are different than current active one (requested -> active):
  custom:framework-win-MediaFoundation: 216162199b28c13a410421893ffa2e32 -> 
  custom:video-decoder-ogg-theora: a1e56fd34408186e4bbccfd4996cb3dc -> 
  custom:container-muxer-webm: aa71ff27fc2769a1b78a27578f13a17b -> 
  custom:container-demuxer-webm: 4f35f7cbe854078d1ac9338744f61a02 -> 
  custom:container-demuxer-ogg: 62fdf1f143b41e24485cea50d1cbac27 -> 
  custom:video-encoder-webm-vp8: eb34c28f22e8b96e1ab97ce403110664 -> 
  custom:video-codec-MediaFoundation-h265: 746d11721c4dcdbdad8f713fa42b33f4 -> 
  custom:video-decoder-webm-vp8: 9c59270c3fd7afecdb556c50c9e8de78 -> 
  custom:audio-decoder-ogg-vorbis: bf7c407c2cedff20999df2af8eb42d56 -> 
  custom:audio-encoder-webm-vorbis: bf7c407c2cedff20999df2af8eb42d56 -> 
========================================================================
Received Prepare
Registering precompiled user dll's ...
Registered in 0.010203 seconds.
Begin MonoManager ReloadAssembly
Native extension for WindowsStandalone target not found
Native extension for WebGL target not found
Refreshing native plugins compatible for Editor in 1.04 ms, found 2 plugins.
Preloading 0 native plugins for Editor in 0.00 ms.
Mono: successfully reloaded assembly
- Completed reload, in  3.109 seconds
Domain Reload Profiling:
	ReloadAssembly (3110ms)
		BeginReloadAssembly (383ms)
			ExecutionOrderSort (0ms)
			DisableScriptedObjects (18ms)
			BackupInstance (0ms)
			ReleaseScriptingObjects (0ms)
			CreateAndSetChildDomain (107ms)
		EndReloadAssembly (2500ms)
			LoadAssemblies (383ms)
			RebuildTransferFunctionScriptingTraits (0ms)
			SetupTypeCache (1124ms)
			ReleaseScriptCaches (4ms)
			RebuildScriptCaches (155ms)
			SetupLoadedEditorAssemblies (575ms)
				LogAssemblyErrors (0ms)
				InitializePlatformSupportModulesInManaged (8ms)
				SetLoadedEditorAssemblies (1ms)
				RefreshPlugins (1ms)
				BeforeProcessingInitializeOnLoad (222ms)
				ProcessInitializeOnLoadAttributes (325ms)
				ProcessInitializeOnLoadMethodAttributes (4ms)
				AfterProcessingInitializeOnLoad (13ms)
				EditorAssembliesLoaded (1ms)
			ExecutionOrderSort2 (0ms)
			AwakeInstancesAfterBackupRestoration (41ms)
Platform modules already initialized, skipping
Refreshing native plugins compatible for Editor in 0.63 ms, found 2 plugins.
Preloading 0 native plugins for Editor in 0.00 ms.
Unloading 2628 Unused Serialized files (Serialized files now loaded: 0)
System memory in use before: 125.2 MB.
System memory in use after: 125.5 MB.

Unloading 12 unused Assets to reduce memory usage. Loaded Objects now: 3363.
Total: 9.772500 ms (FindLiveObjects: 0.589300 ms CreateObjectMapping: 0.297600 ms MarkObjects: 8.839400 ms  DeleteObjects: 0.042700 ms)

AssetImportParameters requested are different than current active one (requested -> active):
  custom:framework-win-MediaFoundation: 216162199b28c13a410421893ffa2e32 -> 
  custom:video-decoder-ogg-theora: a1e56fd34408186e4bbccfd4996cb3dc -> 
  custom:container-muxer-webm: aa71ff27fc2769a1b78a27578f13a17b -> 
  custom:container-demuxer-webm: 4f35f7cbe854078d1ac9338744f61a02 -> 
  custom:container-demuxer-ogg: 62fdf1f143b41e24485cea50d1cbac27 -> 
  custom:video-encoder-webm-vp8: eb34c28f22e8b96e1ab97ce403110664 -> 
  custom:video-codec-MediaFoundation-h265: 746d11721c4dcdbdad8f713fa42b33f4 -> 
  custom:video-decoder-webm-vp8: 9c59270c3fd7afecdb556c50c9e8de78 -> 
  custom:audio-decoder-ogg-vorbis: bf7c407c2cedff20999df2af8eb42d56 -> 
  custom:audio-encoder-webm-vorbis: bf7c407c2cedff20999df2af8eb42d56 -> 
========================================================================
Received Import Request.
  Time since last request: 350.431496 seconds.
  path: Assets/Assets/UI/Minimapa/tile.mat
  artifactKey: Guid(3e97d3312fc6ade40b8e0f4964f52cab) Importer(815301076,1909f56bfc062723c751e8b465ee728b)
Start importing Assets/Assets/UI/Minimapa/tile.mat using Guid(3e97d3312fc6ade40b8e0f4964f52cab) Importer(815301076,1909f56bfc062723c751e8b465ee728b)  -> (artifact id: '7ddff11877c75ff3a7b3bc2314b653d1') in 0.339621 seconds 
  Import took 0.350550 seconds .

========================================================================
Received Import Request.
  Time since last request: 66.629248 seconds.
  path: Assets/Assets/Habitaciones/Puertas del juego/B.prefab
  artifactKey: Guid(131d81bf2a3161b47a1c43e658a45034) Importer(815301076,1909f56bfc062723c751e8b465ee728b)
Start importing Assets/Assets/Habitaciones/Puertas del juego/B.prefab using Guid(131d81bf2a3161b47a1c43e658a45034) Importer(815301076,1909f56bfc062723c751e8b465ee728b)  -> (artifact id: '912969b939ce7e4773aed8f100c2d093') in 0.029085 seconds 
  Import took 0.035287 seconds .

========================================================================
Received Import Request.
  Time since last request: 3.020162 seconds.
  path: Assets/Assets/Habitaciones/Puertas del juego/BL.prefab
  artifactKey: Guid(ae2d64337e936eb418b83484fcd11d08) Importer(815301076,1909f56bfc062723c751e8b465ee728b)
Start importing Assets/Assets/Habitaciones/Puertas del juego/BL.prefab using Guid(ae2d64337e936eb418b83484fcd11d08) Importer(815301076,1909f56bfc062723c751e8b465ee728b)  -> (artifact id: '2fd7a8760246b0066093f6fcf4dc3876') in 0.013367 seconds 
  Import took 0.020918 seconds .

========================================================================
Received Import Request.
  Time since last request: 20.488093 seconds.
  path: Assets/Assets/Habitaciones/Puertas del juego/BL.prefab
  artifactKey: Guid(ae2d64337e936eb418b83484fcd11d08) Importer(815301076,1909f56bfc062723c751e8b465ee728b)
Start importing Assets/Assets/Habitaciones/Puertas del juego/BL.prefab using Guid(ae2d64337e936eb418b83484fcd11d08) Importer(815301076,1909f56bfc062723c751e8b465ee728b)  -> (artifact id: '930d9b1ee5c63cfc0a763ce912f9732c') in 0.027257 seconds 
  Import took 0.039718 seconds .

========================================================================
Received Import Request.
  Time since last request: 3.734390 seconds.
  path: Assets/Assets/Habitaciones/Puertas del juego/BL.prefab
  artifactKey: Guid(ae2d64337e936eb418b83484fcd11d08) Importer(815301076,1909f56bfc062723c751e8b465ee728b)
Start importing Assets/Assets/Habitaciones/Puertas del juego/BL.prefab using Guid(ae2d64337e936eb418b83484fcd11d08) Importer(815301076,1909f56bfc062723c751e8b465ee728b)  -> (artifact id: 'efaa674b3d0c5644d0389e32deee15db') in 0.016961 seconds 
  Import took 0.026339 seconds .

========================================================================
Received Import Request.
  Time since last request: 5.231296 seconds.
  path: Assets/Assets/Habitaciones/Puertas del juego/L.prefab
  artifactKey: Guid(a8217c87c06537545bbb1f7cbbce68dc) Importer(815301076,1909f56bfc062723c751e8b465ee728b)
Start importing Assets/Assets/Habitaciones/Puertas del juego/L.prefab using Guid(a8217c87c06537545bbb1f7cbbce68dc) Importer(815301076,1909f56bfc062723c751e8b465ee728b)  -> (artifact id: 'b4624b1fb1b76de85022dd631c0ffe25') in 0.014408 seconds 
  Import took 0.041433 seconds .

========================================================================
Received Import Request.
  Time since last request: 9.483782 seconds.
  path: Assets/Assets/Habitaciones/Puertas del juego/L.prefab
  artifactKey: Guid(a8217c87c06537545bbb1f7cbbce68dc) Importer(815301076,1909f56bfc062723c751e8b465ee728b)
Start importing Assets/Assets/Habitaciones/Puertas del juego/L.prefab using Guid(a8217c87c06537545bbb1f7cbbce68dc) Importer(815301076,1909f56bfc062723c751e8b465ee728b)  -> (artifact id: '91e1517b8a00440345882704b9769cb9') in 0.014880 seconds 
  Import took 0.021924 seconds .

========================================================================
Received Import Request.
  Time since last request: 2.842027 seconds.
  path: Assets/Assets/Habitaciones/Puertas del juego/L.prefab
  artifactKey: Guid(a8217c87c06537545bbb1f7cbbce68dc) Importer(815301076,1909f56bfc062723c751e8b465ee728b)
Start importing Assets/Assets/Habitaciones/Puertas del juego/L.prefab using Guid(a8217c87c06537545bbb1f7cbbce68dc) Importer(815301076,1909f56bfc062723c751e8b465ee728b)  -> (artifact id: '29672ee5443ac2724f048e9c663a3340') in 0.013613 seconds 
  Import took 0.019035 seconds .

========================================================================
Received Import Request.
  Time since last request: 4.351708 seconds.
  path: Assets/Assets/Habitaciones/Puertas del juego/LR.prefab
  artifactKey: Guid(55cec621827845b4b9d4602d5ed262e0) Importer(815301076,1909f56bfc062723c751e8b465ee728b)
Start importing Assets/Assets/Habitaciones/Puertas del juego/LR.prefab using Guid(55cec621827845b4b9d4602d5ed262e0) Importer(815301076,1909f56bfc062723c751e8b465ee728b)  -> (artifact id: 'd5fa09ffdd9a2181daed3baddd8fb13b') in 0.022950 seconds 
  Import took 0.032322 seconds .

========================================================================
Received Import Request.
  Time since last request: 11.124957 seconds.
  path: Assets/Assets/Habitaciones/Puertas del juego/LR.prefab
  artifactKey: Guid(55cec621827845b4b9d4602d5ed262e0) Importer(815301076,1909f56bfc062723c751e8b465ee728b)
Start importing Assets/Assets/Habitaciones/Puertas del juego/LR.prefab using Guid(55cec621827845b4b9d4602d5ed262e0) Importer(815301076,1909f56bfc062723c751e8b465ee728b)  -> (artifact id: 'ec306999cc2b6a3abcb81235acc75e4b') in 0.061536 seconds 
  Import took 0.070014 seconds .

========================================================================
Received Import Request.
  Time since last request: 3.028223 seconds.
  path: Assets/Assets/Habitaciones/Puertas del juego/LR.prefab
  artifactKey: Guid(55cec621827845b4b9d4602d5ed262e0) Importer(815301076,1909f56bfc062723c751e8b465ee728b)
Start importing Assets/Assets/Habitaciones/Puertas del juego/LR.prefab using Guid(55cec621827845b4b9d4602d5ed262e0) Importer(815301076,1909f56bfc062723c751e8b465ee728b)  -> (artifact id: '03de84810a86ff0a2cbfd3244cf0f681') in 0.018615 seconds 
  Import took 0.029826 seconds .

========================================================================
Received Import Request.
  Time since last request: 3.508136 seconds.
  path: Assets/Assets/Habitaciones/Puertas del juego/LR.prefab
  artifactKey: Guid(55cec621827845b4b9d4602d5ed262e0) Importer(815301076,1909f56bfc062723c751e8b465ee728b)
Start importing Assets/Assets/Habitaciones/Puertas del juego/LR.prefab using Guid(55cec621827845b4b9d4602d5ed262e0) Importer(815301076,1909f56bfc062723c751e8b465ee728b)  -> (artifact id: '8b590ad48684b7440cf2f21fa716dc37') in 0.020609 seconds 
  Import took 0.032383 seconds .

========================================================================
Received Import Request.
  Time since last request: 6.525948 seconds.
  path: Assets/Assets/Habitaciones/Puertas del juego/R.prefab
  artifactKey: Guid(2dd50b2a8ee8abd49943c11a37e08879) Importer(815301076,1909f56bfc062723c751e8b465ee728b)
Start importing Assets/Assets/Habitaciones/Puertas del juego/R.prefab using Guid(2dd50b2a8ee8abd49943c11a37e08879) Importer(815301076,1909f56bfc062723c751e8b465ee728b)  -> (artifact id: '8cdce35cda3eeb6956cefa3c1a598d44') in 0.015871 seconds 
  Import took 0.022495 seconds .

========================================================================
Received Import Request.
  Time since last request: 7.671595 seconds.
  path: Assets/Assets/Habitaciones/Puertas del juego/R.prefab
  artifactKey: Guid(2dd50b2a8ee8abd49943c11a37e08879) Importer(815301076,1909f56bfc062723c751e8b465ee728b)
Start importing Assets/Assets/Habitaciones/Puertas del juego/R.prefab using Guid(2dd50b2a8ee8abd49943c11a37e08879) Importer(815301076,1909f56bfc062723c751e8b465ee728b)  -> (artifact id: '1dcfcf730ede9f3e4c8f91d4ae0c63bc') in 0.041533 seconds 
  Import took 0.048801 seconds .

========================================================================
Received Import Request.
  Time since last request: 3.691441 seconds.
  path: Assets/Assets/Habitaciones/Puertas del juego/R.prefab
  artifactKey: Guid(2dd50b2a8ee8abd49943c11a37e08879) Importer(815301076,1909f56bfc062723c751e8b465ee728b)
Start importing Assets/Assets/Habitaciones/Puertas del juego/R.prefab using Guid(2dd50b2a8ee8abd49943c11a37e08879) Importer(815301076,1909f56bfc062723c751e8b465ee728b)  -> (artifact id: '60726a7c09d985e9e90cbcb602aedd78') in 0.013854 seconds 
  Import took 0.020182 seconds .

========================================================================
Received Import Request.
  Time since last request: 4.951459 seconds.
  path: Assets/Assets/Habitaciones/Puertas del juego/RB.prefab
  artifactKey: Guid(e1a9e2d530aa1bd4eaa5e0ec7f050820) Importer(815301076,1909f56bfc062723c751e8b465ee728b)
Start importing Assets/Assets/Habitaciones/Puertas del juego/RB.prefab using Guid(e1a9e2d530aa1bd4eaa5e0ec7f050820) Importer(815301076,1909f56bfc062723c751e8b465ee728b)  -> (artifact id: '5f161e291bcb3ee2671ca3f06ee67483') in 0.013289 seconds 
  Import took 0.019316 seconds .

========================================================================
Received Import Request.
  Time since last request: 9.609638 seconds.
  path: Assets/Assets/Habitaciones/Puertas del juego/RB.prefab
  artifactKey: Guid(e1a9e2d530aa1bd4eaa5e0ec7f050820) Importer(815301076,1909f56bfc062723c751e8b465ee728b)
Start importing Assets/Assets/Habitaciones/Puertas del juego/RB.prefab using Guid(e1a9e2d530aa1bd4eaa5e0ec7f050820) Importer(815301076,1909f56bfc062723c751e8b465ee728b)  -> (artifact id: '677d71988f878282a7f4d1a9dd4d3a88') in 0.026329 seconds 
  Import took 0.040153 seconds .

========================================================================
Received Import Request.
  Time since last request: 4.564275 seconds.
  path: Assets/Assets/Habitaciones/Puertas del juego/RB.prefab
  artifactKey: Guid(e1a9e2d530aa1bd4eaa5e0ec7f050820) Importer(815301076,1909f56bfc062723c751e8b465ee728b)
Start importing Assets/Assets/Habitaciones/Puertas del juego/RB.prefab using Guid(e1a9e2d530aa1bd4eaa5e0ec7f050820) Importer(815301076,1909f56bfc062723c751e8b465ee728b)  -> (artifact id: '180c57e948845f888e6e8a22381cf372') in 0.026119 seconds 
  Import took 0.034621 seconds .

========================================================================
Received Import Request.
  Time since last request: 6.033467 seconds.
  path: Assets/Assets/Habitaciones/Puertas del juego/T.prefab
  artifactKey: Guid(3fae15089b6a31c4aac9a3a528d438d3) Importer(815301076,1909f56bfc062723c751e8b465ee728b)
Start importing Assets/Assets/Habitaciones/Puertas del juego/T.prefab using Guid(3fae15089b6a31c4aac9a3a528d438d3) Importer(815301076,1909f56bfc062723c751e8b465ee728b)  -> (artifact id: '39d3f9d57503fc08e64dba459469ba78') in 0.187995 seconds 
  Import took 0.203827 seconds .

========================================================================
Received Import Request.
  Time since last request: 10.679170 seconds.
  path: Assets/Assets/Habitaciones/Puertas del juego/T.prefab
  artifactKey: Guid(3fae15089b6a31c4aac9a3a528d438d3) Importer(815301076,1909f56bfc062723c751e8b465ee728b)
Start importing Assets/Assets/Habitaciones/Puertas del juego/T.prefab using Guid(3fae15089b6a31c4aac9a3a528d438d3) Importer(815301076,1909f56bfc062723c751e8b465ee728b)  -> (artifact id: '411976047c21a7e0d287a31e88fd3cd7') in 0.013552 seconds 
  Import took 0.021784 seconds .

========================================================================
Received Import Request.
  Time since last request: 7.291913 seconds.
  path: Assets/Assets/Habitaciones/Puertas del juego/TB.prefab
  artifactKey: Guid(dc722c22d9231fb419c4b351a70f962a) Importer(815301076,1909f56bfc062723c751e8b465ee728b)
Start importing Assets/Assets/Habitaciones/Puertas del juego/TB.prefab using Guid(dc722c22d9231fb419c4b351a70f962a) Importer(815301076,1909f56bfc062723c751e8b465ee728b)  -> (artifact id: 'bc077347b900d600f6523cf26070f63c') in 0.014232 seconds 
  Import took 0.019842 seconds .

========================================================================
Received Import Request.
  Time since last request: 5.953507 seconds.
  path: Assets/Assets/Player
  artifactKey: Guid(d672b8a4ed540154c98f05f4e7343226) Importer(815301076,1909f56bfc062723c751e8b465ee728b)
Start importing Assets/Assets/Player using Guid(d672b8a4ed540154c98f05f4e7343226) Importer(815301076,1909f56bfc062723c751e8b465ee728b)  -> (artifact id: '102efd02bbc332263bccd4fdf3156b1a') in 0.001985 seconds 
  Import took 0.009078 seconds .

========================================================================
Received Import Request.
  Time since last request: 1.236916 seconds.
  path: Assets/Assets/Habitaciones/Puertas del juego/TB.prefab
  artifactKey: Guid(dc722c22d9231fb419c4b351a70f962a) Importer(815301076,1909f56bfc062723c751e8b465ee728b)
Start importing Assets/Assets/Habitaciones/Puertas del juego/TB.prefab using Guid(dc722c22d9231fb419c4b351a70f962a) Importer(815301076,1909f56bfc062723c751e8b465ee728b)  -> (artifact id: 'c2620cba3ca51eb74fd62fafda2763e6') in 0.051935 seconds 
  Import took 0.062327 seconds .

========================================================================
Received Import Request.
  Time since last request: 4.330501 seconds.
  path: Assets/Assets/Habitaciones/Puertas del juego/TB.prefab
  artifactKey: Guid(dc722c22d9231fb419c4b351a70f962a) Importer(815301076,1909f56bfc062723c751e8b465ee728b)
Start importing Assets/Assets/Habitaciones/Puertas del juego/TB.prefab using Guid(dc722c22d9231fb419c4b351a70f962a) Importer(815301076,1909f56bfc062723c751e8b465ee728b)  -> (artifact id: '5434cc7388370f253cd63ed77e4d0809') in 0.023716 seconds 
  Import took 0.033310 seconds .

========================================================================
Received Import Request.
  Time since last request: 4.241390 seconds.
  path: Assets/Assets/Habitaciones/Puertas del juego/TL.prefab
  artifactKey: Guid(1f001fca1ac0bbc4a8f372e4f3071e47) Importer(815301076,1909f56bfc062723c751e8b465ee728b)
Start importing Assets/Assets/Habitaciones/Puertas del juego/TL.prefab using Guid(1f001fca1ac0bbc4a8f372e4f3071e47) Importer(815301076,1909f56bfc062723c751e8b465ee728b)  -> (artifact id: 'ebfa232f152e256d9f823232a6d1bf5f') in 0.051237 seconds 
  Import took 0.059694 seconds .

========================================================================
Received Import Request.
  Time since last request: 10.099035 seconds.
  path: Assets/Assets/Habitaciones/Puertas del juego/TL.prefab
  artifactKey: Guid(1f001fca1ac0bbc4a8f372e4f3071e47) Importer(815301076,1909f56bfc062723c751e8b465ee728b)
Start importing Assets/Assets/Habitaciones/Puertas del juego/TL.prefab using Guid(1f001fca1ac0bbc4a8f372e4f3071e47) Importer(815301076,1909f56bfc062723c751e8b465ee728b)  -> (artifact id: '53c7747cb86e2a22ba11485f25d3e280') in 0.014737 seconds 
  Import took 0.022175 seconds .

========================================================================
Received Import Request.
  Time since last request: 2.476625 seconds.
  path: Assets/Assets/Habitaciones/Puertas del juego/TL.prefab
  artifactKey: Guid(1f001fca1ac0bbc4a8f372e4f3071e47) Importer(815301076,1909f56bfc062723c751e8b465ee728b)
Start importing Assets/Assets/Habitaciones/Puertas del juego/TL.prefab using Guid(1f001fca1ac0bbc4a8f372e4f3071e47) Importer(815301076,1909f56bfc062723c751e8b465ee728b)  -> (artifact id: 'ff5602c355cb6d29b4e2fb32158eea3b') in 0.012972 seconds 
  Import took 0.022488 seconds .

========================================================================
Received Import Request.
  Time since last request: 4.454648 seconds.
  path: Assets/Assets/Habitaciones/Puertas del juego/TR.prefab
  artifactKey: Guid(4f4b958d3198ee749bfbf8920ca70eee) Importer(815301076,1909f56bfc062723c751e8b465ee728b)
Start importing Assets/Assets/Habitaciones/Puertas del juego/TR.prefab using Guid(4f4b958d3198ee749bfbf8920ca70eee) Importer(815301076,1909f56bfc062723c751e8b465ee728b)  -> (artifact id: 'eb4a4ae3f12ee2453f57f1087554559e') in 0.054184 seconds 
  Import took 0.060593 seconds .

========================================================================
Received Import Request.
  Time since last request: 6.620968 seconds.
  path: Assets/Assets/Habitaciones/Puertas del juego/TR.prefab
  artifactKey: Guid(4f4b958d3198ee749bfbf8920ca70eee) Importer(815301076,1909f56bfc062723c751e8b465ee728b)
Start importing Assets/Assets/Habitaciones/Puertas del juego/TR.prefab using Guid(4f4b958d3198ee749bfbf8920ca70eee) Importer(815301076,1909f56bfc062723c751e8b465ee728b)  -> (artifact id: '5d42b0078deabcc363e627519b29f9e1') in 0.013513 seconds 
  Import took 0.019643 seconds .

========================================================================
Received Import Request.
  Time since last request: 3.690455 seconds.
  path: Assets/Assets/Habitaciones/Puertas del juego/TR.prefab
  artifactKey: Guid(4f4b958d3198ee749bfbf8920ca70eee) Importer(815301076,1909f56bfc062723c751e8b465ee728b)
Start importing Assets/Assets/Habitaciones/Puertas del juego/TR.prefab using Guid(4f4b958d3198ee749bfbf8920ca70eee) Importer(815301076,1909f56bfc062723c751e8b465ee728b)  -> (artifact id: '09228f431228037753a1fd795fa36d23') in 0.015970 seconds 
  Import took 0.023189 seconds .

========================================================================
Received Prepare
Registering precompiled user dll's ...
Registered in 0.004198 seconds.
Begin MonoManager ReloadAssembly
Native extension for WindowsStandalone target not found
Native extension for WebGL target not found
Refreshing native plugins compatible for Editor in 1.05 ms, found 2 plugins.
Preloading 0 native plugins for Editor in 0.00 ms.
Mono: successfully reloaded assembly
- Completed reload, in  2.039 seconds
Domain Reload Profiling:
	ReloadAssembly (2041ms)
		BeginReloadAssembly (234ms)
			ExecutionOrderSort (0ms)
			DisableScriptedObjects (14ms)
			BackupInstance (0ms)
			ReleaseScriptingObjects (0ms)
			CreateAndSetChildDomain (83ms)
		EndReloadAssembly (1637ms)
			LoadAssemblies (207ms)
			RebuildTransferFunctionScriptingTraits (0ms)
			SetupTypeCache (613ms)
			ReleaseScriptCaches (2ms)
			RebuildScriptCaches (66ms)
			SetupLoadedEditorAssemblies (509ms)
				LogAssemblyErrors (0ms)
				InitializePlatformSupportModulesInManaged (13ms)
				SetLoadedEditorAssemblies (1ms)
				RefreshPlugins (1ms)
				BeforeProcessingInitializeOnLoad (135ms)
				ProcessInitializeOnLoadAttributes (336ms)
				ProcessInitializeOnLoadMethodAttributes (6ms)
				AfterProcessingInitializeOnLoad (15ms)
				EditorAssembliesLoaded (0ms)
			ExecutionOrderSort2 (0ms)
			AwakeInstancesAfterBackupRestoration (27ms)
Platform modules already initialized, skipping
Refreshing native plugins compatible for Editor in 1.23 ms, found 2 plugins.
Preloading 0 native plugins for Editor in 0.00 ms.
Unloading 2628 Unused Serialized files (Serialized files now loaded: 0)
System memory in use before: 125.6 MB.
System memory in use after: 125.8 MB.

Unloading 12 unused Assets to reduce memory usage. Loaded Objects now: 3434.
Total: 7.530400 ms (FindLiveObjects: 0.519800 ms CreateObjectMapping: 0.295600 ms MarkObjects: 6.666800 ms  DeleteObjects: 0.045900 ms)

AssetImportParameters requested are different than current active one (requested -> active):
  custom:framework-win-MediaFoundation: 216162199b28c13a410421893ffa2e32 -> 
  custom:video-decoder-ogg-theora: a1e56fd34408186e4bbccfd4996cb3dc -> 
  custom:container-muxer-webm: aa71ff27fc2769a1b78a27578f13a17b -> 
  custom:container-demuxer-webm: 4f35f7cbe854078d1ac9338744f61a02 -> 
  custom:container-demuxer-ogg: 62fdf1f143b41e24485cea50d1cbac27 -> 
  custom:video-encoder-webm-vp8: eb34c28f22e8b96e1ab97ce403110664 -> 
  custom:video-codec-MediaFoundation-h265: 746d11721c4dcdbdad8f713fa42b33f4 -> 
  custom:video-decoder-webm-vp8: 9c59270c3fd7afecdb556c50c9e8de78 -> 
  custom:audio-decoder-ogg-vorbis: bf7c407c2cedff20999df2af8eb42d56 -> 
  custom:audio-encoder-webm-vorbis: bf7c407c2cedff20999df2af8eb42d56 -> 
========================================================================
Received Prepare
Registering precompiled user dll's ...
Registered in 0.003240 seconds.
Begin MonoManager ReloadAssembly
Native extension for WindowsStandalone target not found
Native extension for WebGL target not found
Refreshing native plugins compatible for Editor in 0.76 ms, found 2 plugins.
Preloading 0 native plugins for Editor in 0.00 ms.
Mono: successfully reloaded assembly
- Completed reload, in  1.748 seconds
Domain Reload Profiling:
	ReloadAssembly (1749ms)
		BeginReloadAssembly (255ms)
			ExecutionOrderSort (0ms)
			DisableScriptedObjects (15ms)
			BackupInstance (0ms)
			ReleaseScriptingObjects (0ms)
			CreateAndSetChildDomain (87ms)
		EndReloadAssembly (1400ms)
			LoadAssemblies (176ms)
			RebuildTransferFunctionScriptingTraits (0ms)
			SetupTypeCache (475ms)
			ReleaseScriptCaches (2ms)
			RebuildScriptCaches (61ms)
			SetupLoadedEditorAssemblies (452ms)
				LogAssemblyErrors (0ms)
				InitializePlatformSupportModulesInManaged (8ms)
				SetLoadedEditorAssemblies (1ms)
				RefreshPlugins (1ms)
				BeforeProcessingInitializeOnLoad (138ms)
				ProcessInitializeOnLoadAttributes (276ms)
				ProcessInitializeOnLoadMethodAttributes (8ms)
				AfterProcessingInitializeOnLoad (19ms)
				EditorAssembliesLoaded (1ms)
			ExecutionOrderSort2 (0ms)
			AwakeInstancesAfterBackupRestoration (26ms)
Platform modules already initialized, skipping
Refreshing native plugins compatible for Editor in 0.60 ms, found 2 plugins.
Preloading 0 native plugins for Editor in 0.00 ms.
Unloading 2628 Unused Serialized files (Serialized files now loaded: 0)
System memory in use before: 125.6 MB.
System memory in use after: 125.8 MB.

Unloading 12 unused Assets to reduce memory usage. Loaded Objects now: 3436.
Total: 6.284600 ms (FindLiveObjects: 0.334900 ms CreateObjectMapping: 0.147500 ms MarkObjects: 5.681500 ms  DeleteObjects: 0.119300 ms)

AssetImportParameters requested are different than current active one (requested -> active):
  custom:framework-win-MediaFoundation: 216162199b28c13a410421893ffa2e32 -> 
  custom:video-decoder-ogg-theora: a1e56fd34408186e4bbccfd4996cb3dc -> 
  custom:container-muxer-webm: aa71ff27fc2769a1b78a27578f13a17b -> 
  custom:container-demuxer-webm: 4f35f7cbe854078d1ac9338744f61a02 -> 
  custom:container-demuxer-ogg: 62fdf1f143b41e24485cea50d1cbac27 -> 
  custom:video-encoder-webm-vp8: eb34c28f22e8b96e1ab97ce403110664 -> 
  custom:video-codec-MediaFoundation-h265: 746d11721c4dcdbdad8f713fa42b33f4 -> 
  custom:video-decoder-webm-vp8: 9c59270c3fd7afecdb556c50c9e8de78 -> 
  custom:audio-decoder-ogg-vorbis: bf7c407c2cedff20999df2af8eb42d56 -> 
  custom:audio-encoder-webm-vorbis: bf7c407c2cedff20999df2af8eb42d56 -> 
