Using pre-set license
Built from '2020.3/staging' branch; Version is '2020.3.18f1 (a7d1c678663c) revision 10998214'; Using compiler version '192528614'; Build Type 'Release'
OS: 'Windows 10 Home; OS build 19042.1288; Version 2009; 64bit' Language: 'es' Physical Memory: 16303 MB
BatchMode: 1, IsHumanControllingUs: 0, StartBugReporterOnCrash: 0, Is64bit: 1, IsPro: 0

COMMAND LINE ARGUMENTS:
C:\Program Files\Unity\Hub\Editor\2020.3.18f1\Editor\Unity.exe
-adb2
-batchMode
-noUpm
-name
AssetImportWorker0
-projectPath
D:/github/GameJump4/GameJam4
-logFile
Logs/AssetImportWorker0.log
-srvPort
56823
Successfully changed project path to: D:/github/GameJump4/GameJam4
D:/github/GameJump4/GameJam4
Using Asset Import Pipeline V2.
Refreshing native plugins compatible for Editor in 130.99 ms, found 2 plugins.
Preloading 0 native plugins for Editor in 0.00 ms.
Initialize engine version: 2020.3.18f1 (a7d1c678663c)
[Subsystems] Discovering subsystems at path C:/Program Files/Unity/Hub/Editor/2020.3.18f1/Editor/Data/Resources/UnitySubsystems
[Subsystems] Discovering subsystems at path D:/github/GameJump4/GameJam4/Assets
GfxDevice: creating device client; threaded=0
Direct3D:
    Version:  Direct3D 11.0 [level 11.1]
    Renderer: NVIDIA GeForce GTX 1050 (ID=0x1c8d)
    Vendor:   
    VRAM:     4021 MB
    Driver:   30.0.14.9649
Initialize mono
Mono path[0] = 'C:/Program Files/Unity/Hub/Editor/2020.3.18f1/Editor/Data/Managed'
Mono path[1] = 'C:/Program Files/Unity/Hub/Editor/2020.3.18f1/Editor/Data/MonoBleedingEdge/lib/mono/unityjit'
Mono config path = 'C:/Program Files/Unity/Hub/Editor/2020.3.18f1/Editor/Data/MonoBleedingEdge/etc'
Using monoOptions --debugger-agent=transport=dt_socket,embedding=1,server=y,suspend=n,address=127.0.0.1:56268
Begin MonoManager ReloadAssembly
Registering precompiled unity dll's ...
Register platform support module: C:/Program Files/Unity/Hub/Editor/2020.3.18f1/Editor/Data/PlaybackEngines/WebGLSupport/UnityEditor.WebGL.Extensions.dll
Register platform support module: C:/Program Files/Unity/Hub/Editor/2020.3.18f1/Editor/Data/PlaybackEngines/WindowsStandaloneSupport/UnityEditor.WindowsStandalone.Extensions.dll
Registered in 0.009083 seconds.
Native extension for WindowsStandalone target not found
Native extension for WebGL target not found
Refreshing native plugins compatible for Editor in 117.69 ms, found 2 plugins.
Preloading 0 native plugins for Editor in 0.00 ms.
Mono: successfully reloaded assembly
- Completed reload, in  3.322 seconds
Domain Reload Profiling:
	ReloadAssembly (3323ms)
		BeginReloadAssembly (172ms)
			ExecutionOrderSort (0ms)
			DisableScriptedObjects (0ms)
			BackupInstance (0ms)
			ReleaseScriptingObjects (0ms)
			CreateAndSetChildDomain (2ms)
		EndReloadAssembly (1213ms)
			LoadAssemblies (166ms)
			RebuildTransferFunctionScriptingTraits (0ms)
			SetupTypeCache (393ms)
			ReleaseScriptCaches (0ms)
			RebuildScriptCaches (77ms)
			SetupLoadedEditorAssemblies (546ms)
				LogAssemblyErrors (0ms)
				InitializePlatformSupportModulesInManaged (12ms)
				SetLoadedEditorAssemblies (0ms)
				RefreshPlugins (118ms)
				BeforeProcessingInitializeOnLoad (43ms)
				ProcessInitializeOnLoadAttributes (312ms)
				ProcessInitializeOnLoadMethodAttributes (62ms)
				AfterProcessingInitializeOnLoad (0ms)
				EditorAssembliesLoaded (0ms)
			ExecutionOrderSort2 (0ms)
			AwakeInstancesAfterBackupRestoration (0ms)
Platform modules already initialized, skipping
Registering precompiled user dll's ...
Registered in 0.007020 seconds.
Begin MonoManager ReloadAssembly
Native extension for WindowsStandalone target not found
Native extension for WebGL target not found
Refreshing native plugins compatible for Editor in 170.01 ms, found 2 plugins.
Preloading 0 native plugins for Editor in 0.00 ms.
Mono: successfully reloaded assembly
- Completed reload, in  3.810 seconds
Domain Reload Profiling:
	ReloadAssembly (3812ms)
		BeginReloadAssembly (451ms)
			ExecutionOrderSort (0ms)
			DisableScriptedObjects (12ms)
			BackupInstance (0ms)
			ReleaseScriptingObjects (0ms)
			CreateAndSetChildDomain (47ms)
		EndReloadAssembly (3187ms)
			LoadAssemblies (284ms)
			RebuildTransferFunctionScriptingTraits (0ms)
			SetupTypeCache (1171ms)
			ReleaseScriptCaches (1ms)
			RebuildScriptCaches (129ms)
			SetupLoadedEditorAssemblies (993ms)
				LogAssemblyErrors (0ms)
				InitializePlatformSupportModulesInManaged (17ms)
				SetLoadedEditorAssemblies (0ms)
				RefreshPlugins (170ms)
				BeforeProcessingInitializeOnLoad (202ms)
				ProcessInitializeOnLoadAttributes (570ms)
				ProcessInitializeOnLoadMethodAttributes (11ms)
				AfterProcessingInitializeOnLoad (22ms)
				EditorAssembliesLoaded (1ms)
			ExecutionOrderSort2 (0ms)
			AwakeInstancesAfterBackupRestoration (18ms)
Platform modules already initialized, skipping
========================================================================
Worker process is ready to serve import requests
Launched and connected shader compiler UnityShaderCompiler.exe after 0.13 seconds
Refreshing native plugins compatible for Editor in 0.92 ms, found 2 plugins.
Preloading 0 native plugins for Editor in 0.00 ms.
Unloading 2732 Unused Serialized files (Serialized files now loaded: 0)
System memory in use before: 125.3 MB.
System memory in use after: 125.5 MB.

Unloading 17 unused Assets to reduce memory usage. Loaded Objects now: 3168.
Total: 6.200200 ms (FindLiveObjects: 0.428500 ms CreateObjectMapping: 0.277000 ms MarkObjects: 5.358500 ms  DeleteObjects: 0.134000 ms)

AssetImportParameters requested are different than current active one (requested -> active):
  custom:framework-win-MediaFoundation: 216162199b28c13a410421893ffa2e32 -> 
  custom:video-decoder-ogg-theora: a1e56fd34408186e4bbccfd4996cb3dc -> 
  custom:container-muxer-webm: aa71ff27fc2769a1b78a27578f13a17b -> 
  custom:container-demuxer-webm: 4f35f7cbe854078d1ac9338744f61a02 -> 
  custom:container-demuxer-ogg: 62fdf1f143b41e24485cea50d1cbac27 -> 
  custom:video-encoder-webm-vp8: eb34c28f22e8b96e1ab97ce403110664 -> 
  custom:video-codec-MediaFoundation-h265: 746d11721c4dcdbdad8f713fa42b33f4 -> 
  custom:video-decoder-webm-vp8: 9c59270c3fd7afecdb556c50c9e8de78 -> 
  custom:audio-decoder-ogg-vorbis: bf7c407c2cedff20999df2af8eb42d56 -> 
  custom:audio-encoder-webm-vorbis: bf7c407c2cedff20999df2af8eb42d56 -> 
========================================================================
Received Import Request.
  path: Assets/Assets/Habitaciones
  artifactKey: Guid(b1d55362dd298d843a802a0665228572) Importer(815301076,1909f56bfc062723c751e8b465ee728b)
Start importing Assets/Assets/Habitaciones using Guid(b1d55362dd298d843a802a0665228572) Importer(815301076,1909f56bfc062723c751e8b465ee728b)  -> (artifact id: '5149022fcb710c941a419f075faf6e28') in 0.009413 seconds 
  Import took 0.017424 seconds .

========================================================================
Received Import Request.
  Time since last request: 5.272559 seconds.
  path: Assets/Assets/Habitaciones/2 puertas cuadrado.fbx
  artifactKey: Guid(63c3fc73f7aded84b83d88fc6e221f2b) Importer(815301076,1909f56bfc062723c751e8b465ee728b)
Start importing Assets/Assets/Habitaciones/2 puertas cuadrado.fbx using Guid(63c3fc73f7aded84b83d88fc6e221f2b) Importer(815301076,1909f56bfc062723c751e8b465ee728b)  -> (artifact id: '5713ba3684b32b81c9fb25838cbf75c3') in 1.398194 seconds 
  Import took 1.411999 seconds .

========================================================================
Received Import Request.
  Time since last request: 0.000693 seconds.
  path: Assets/Assets/Habitaciones/4 puertas cuadrado.fbx
  artifactKey: Guid(0d95c548c45300e42b0c3beb8ca62cd5) Importer(815301076,1909f56bfc062723c751e8b465ee728b)
Start importing Assets/Assets/Habitaciones/4 puertas cuadrado.fbx using Guid(0d95c548c45300e42b0c3beb8ca62cd5) Importer(815301076,1909f56bfc062723c751e8b465ee728b)  -> (artifact id: 'cde1a5a38e00ef0c439bf3cc920994a1') in 0.118343 seconds 
  Import took 0.128941 seconds .

========================================================================
Received Import Request.
  Time since last request: 0.000702 seconds.
  path: Assets/Assets/Habitaciones/puerta arriba y derecha.fbx
  artifactKey: Guid(5f7ef497f8d00bb42af49ce00d514ec1) Importer(815301076,1909f56bfc062723c751e8b465ee728b)
Start importing Assets/Assets/Habitaciones/puerta arriba y derecha.fbx using Guid(5f7ef497f8d00bb42af49ce00d514ec1) Importer(815301076,1909f56bfc062723c751e8b465ee728b)  -> (artifact id: '950cf34e835ebaf873a7433fb731a107') in 0.112980 seconds 
  Import took 0.123458 seconds .

========================================================================
Received Import Request.
  Time since last request: 0.000623 seconds.
  path: Assets/Assets/Habitaciones/4 puertas cuadrado.fbx
  artifactKey: Guid(0d95c548c45300e42b0c3beb8ca62cd5) Importer(815301076,1909f56bfc062723c751e8b465ee728b)
Start importing Assets/Assets/Habitaciones/4 puertas cuadrado.fbx using Guid(0d95c548c45300e42b0c3beb8ca62cd5) Importer(815301076,1909f56bfc062723c751e8b465ee728b)  -> (artifact id: 'cde1a5a38e00ef0c439bf3cc920994a1') in 0.146768 seconds 
  Import took 0.157639 seconds .

========================================================================
Received Import Request.
  Time since last request: 0.000595 seconds.
  path: Assets/Assets/Habitaciones/puerta arriba.fbx
  artifactKey: Guid(c2c304d9014bcf44da8f02f7dfb1fb93) Importer(815301076,1909f56bfc062723c751e8b465ee728b)
Start importing Assets/Assets/Habitaciones/puerta arriba.fbx using Guid(c2c304d9014bcf44da8f02f7dfb1fb93) Importer(815301076,1909f56bfc062723c751e8b465ee728b)  -> (artifact id: '90c6b0297d2c802b72f754859220e610') in 0.162296 seconds 
  Import took 0.177672 seconds .

========================================================================
Received Import Request.
  Time since last request: 210.000598 seconds.
  path: Assets/Assets/Habitaciones/2 puertas cuadrado.prefab
  artifactKey: Guid(fe537404cf60d9240acec9b58079125e) Importer(815301076,1909f56bfc062723c751e8b465ee728b)
Start importing Assets/Assets/Habitaciones/2 puertas cuadrado.prefab using Guid(fe537404cf60d9240acec9b58079125e) Importer(815301076,1909f56bfc062723c751e8b465ee728b)  -> (artifact id: 'dbceccd885bd30084b1daeae3adc0a08') in 0.038374 seconds 
  Import took 0.056631 seconds .

========================================================================
Received Import Request.
  Time since last request: 32.255885 seconds.
  path: Assets/Assets/Habitaciones/4 puertas cuadrado.prefab
  artifactKey: Guid(d2d5da0c2367f6947a12dabaf640bce8) Importer(815301076,1909f56bfc062723c751e8b465ee728b)
Start importing Assets/Assets/Habitaciones/4 puertas cuadrado.prefab using Guid(d2d5da0c2367f6947a12dabaf640bce8) Importer(815301076,1909f56bfc062723c751e8b465ee728b)  -> (artifact id: '9b59566e302d12f955ba3a1a77aabe81') in 0.023852 seconds 
  Import took 0.556496 seconds .

========================================================================
Received Import Request.
  Time since last request: 26.060669 seconds.
  path: Assets/Assets/Habitaciones/puerta arriba y derecha.prefab
  artifactKey: Guid(7bbd5b6beebc13e4cb064dc12e78d0b5) Importer(815301076,1909f56bfc062723c751e8b465ee728b)
Start importing Assets/Assets/Habitaciones/puerta arriba y derecha.prefab using Guid(7bbd5b6beebc13e4cb064dc12e78d0b5) Importer(815301076,1909f56bfc062723c751e8b465ee728b)  -> (artifact id: '9ffac3e27468c725c3d497fcb4896d7c') in 0.025378 seconds 
  Import took 0.040608 seconds .

========================================================================
Received Import Request.
  Time since last request: 17.426788 seconds.
  path: Assets/Assets/Habitaciones/puerta arriba.prefab
  artifactKey: Guid(cd84b876eae67ee49a78392281a2c2af) Importer(815301076,1909f56bfc062723c751e8b465ee728b)
Start importing Assets/Assets/Habitaciones/puerta arriba.prefab using Guid(cd84b876eae67ee49a78392281a2c2af) Importer(815301076,1909f56bfc062723c751e8b465ee728b)  -> (artifact id: '337d14a89e4b624a35071d2c1147d59f') in 0.023405 seconds 
  Import took 0.034962 seconds .

========================================================================
Received Import Request.
  Time since last request: 7.593681 seconds.
  path: Assets/Assets/Habitaciones/2 puertas cuadrado.prefab
  artifactKey: Guid(fe537404cf60d9240acec9b58079125e) Importer(815301076,1909f56bfc062723c751e8b465ee728b)
Start importing Assets/Assets/Habitaciones/2 puertas cuadrado.prefab using Guid(fe537404cf60d9240acec9b58079125e) Importer(815301076,1909f56bfc062723c751e8b465ee728b)  -> (artifact id: '666ef9c3f50a861d884dd473217d0407') in 0.010016 seconds 
  Import took 0.026834 seconds .

========================================================================
Received Import Request.
  Time since last request: 0.024670 seconds.
  path: Assets/Assets/Habitaciones/2 puertas cuadrado.prefab
  artifactKey: Guid(fe537404cf60d9240acec9b58079125e) Importer(815301076,1909f56bfc062723c751e8b465ee728b)
Start importing Assets/Assets/Habitaciones/2 puertas cuadrado.prefab using Guid(fe537404cf60d9240acec9b58079125e) Importer(815301076,1909f56bfc062723c751e8b465ee728b)  -> (artifact id: '666ef9c3f50a861d884dd473217d0407') in 0.015494 seconds 
  Import took 0.026342 seconds .

========================================================================
Received Import Request.
  Time since last request: 0.308115 seconds.
  path: Assets/Assets/Habitaciones/2 puertas cuadrado.prefab
  artifactKey: Guid(fe537404cf60d9240acec9b58079125e) Importer(815301076,1909f56bfc062723c751e8b465ee728b)
Start importing Assets/Assets/Habitaciones/2 puertas cuadrado.prefab using Guid(fe537404cf60d9240acec9b58079125e) Importer(815301076,1909f56bfc062723c751e8b465ee728b)  -> (artifact id: 'aa0241319eb53639bcfaae3432117fc0') in 0.011117 seconds 
  Import took 0.024248 seconds .

========================================================================
Received Import Request.
  Time since last request: 1.870470 seconds.
  path: Assets/Assets/Habitaciones/2 puertas cuadrado.prefab
  artifactKey: Guid(fe537404cf60d9240acec9b58079125e) Importer(815301076,1909f56bfc062723c751e8b465ee728b)
Start importing Assets/Assets/Habitaciones/2 puertas cuadrado.prefab using Guid(fe537404cf60d9240acec9b58079125e) Importer(815301076,1909f56bfc062723c751e8b465ee728b)  -> (artifact id: '9c859a3f19807736cff42262d1f559dc') in 0.016436 seconds 
  Import took 0.029137 seconds .

========================================================================
Received Import Request.
  Time since last request: 1.978907 seconds.
  path: Assets/Assets/Habitaciones/4 puertas cuadrado.prefab
  artifactKey: Guid(d2d5da0c2367f6947a12dabaf640bce8) Importer(815301076,1909f56bfc062723c751e8b465ee728b)
Start importing Assets/Assets/Habitaciones/4 puertas cuadrado.prefab using Guid(d2d5da0c2367f6947a12dabaf640bce8) Importer(815301076,1909f56bfc062723c751e8b465ee728b)  -> (artifact id: '13dd2d2b880afa38c0454dbb06b03dd6') in 0.009424 seconds 
  Import took 0.044203 seconds .

========================================================================
Received Prepare
Registering precompiled user dll's ...
Registered in 0.008192 seconds.
Begin MonoManager ReloadAssembly
Native extension for WindowsStandalone target not found
Native extension for WebGL target not found
Refreshing native plugins compatible for Editor in 1.26 ms, found 2 plugins.
Preloading 0 native plugins for Editor in 0.00 ms.
Mono: successfully reloaded assembly
- Completed reload, in  3.319 seconds
Domain Reload Profiling:
	ReloadAssembly (3320ms)
		BeginReloadAssembly (388ms)
			ExecutionOrderSort (0ms)
			DisableScriptedObjects (17ms)
			BackupInstance (0ms)
			ReleaseScriptingObjects (0ms)
			CreateAndSetChildDomain (108ms)
		EndReloadAssembly (2714ms)
			LoadAssemblies (312ms)
			RebuildTransferFunctionScriptingTraits (0ms)
			SetupTypeCache (897ms)
			ReleaseScriptCaches (2ms)
			RebuildScriptCaches (139ms)
			SetupLoadedEditorAssemblies (886ms)
				LogAssemblyErrors (0ms)
				InitializePlatformSupportModulesInManaged (22ms)
				SetLoadedEditorAssemblies (2ms)
				RefreshPlugins (1ms)
				BeforeProcessingInitializeOnLoad (266ms)
				ProcessInitializeOnLoadAttributes (562ms)
				ProcessInitializeOnLoadMethodAttributes (9ms)
				AfterProcessingInitializeOnLoad (23ms)
				EditorAssembliesLoaded (1ms)
			ExecutionOrderSort2 (0ms)
			AwakeInstancesAfterBackupRestoration (41ms)
Platform modules already initialized, skipping
Refreshing native plugins compatible for Editor in 0.98 ms, found 2 plugins.
Preloading 0 native plugins for Editor in 0.00 ms.
Unloading 2621 Unused Serialized files (Serialized files now loaded: 0)
System memory in use before: 123.6 MB.
System memory in use after: 123.9 MB.

Unloading 12 unused Assets to reduce memory usage. Loaded Objects now: 3251.
Total: 9.444100 ms (FindLiveObjects: 0.524100 ms CreateObjectMapping: 0.281000 ms MarkObjects: 8.592800 ms  DeleteObjects: 0.043400 ms)

AssetImportParameters requested are different than current active one (requested -> active):
  custom:framework-win-MediaFoundation: 216162199b28c13a410421893ffa2e32 -> 
  custom:video-decoder-ogg-theora: a1e56fd34408186e4bbccfd4996cb3dc -> 
  custom:container-muxer-webm: aa71ff27fc2769a1b78a27578f13a17b -> 
  custom:container-demuxer-webm: 4f35f7cbe854078d1ac9338744f61a02 -> 
  custom:container-demuxer-ogg: 62fdf1f143b41e24485cea50d1cbac27 -> 
  custom:video-encoder-webm-vp8: eb34c28f22e8b96e1ab97ce403110664 -> 
  custom:video-codec-MediaFoundation-h265: 746d11721c4dcdbdad8f713fa42b33f4 -> 
  custom:video-decoder-webm-vp8: 9c59270c3fd7afecdb556c50c9e8de78 -> 
  custom:audio-decoder-ogg-vorbis: bf7c407c2cedff20999df2af8eb42d56 -> 
  custom:audio-encoder-webm-vorbis: bf7c407c2cedff20999df2af8eb42d56 -> 
========================================================================
Received Import Request.
  Time since last request: 84.981166 seconds.
  path: Assets/Scenes/ProceduralExample.unity
  artifactKey: Guid(cef596fcd216291478dd8c66832552d5) Importer(815301076,1909f56bfc062723c751e8b465ee728b)
Start importing Assets/Scenes/ProceduralExample.unity using Guid(cef596fcd216291478dd8c66832552d5) Importer(815301076,1909f56bfc062723c751e8b465ee728b)  -> (artifact id: 'cf0d8d3679b8087b1aa838c1261b2bcd') in 0.047533 seconds 
  Import took 0.065102 seconds .

========================================================================
Received Import Request.
  Time since last request: 1.972259 seconds.
  path: Assets/Scenes/proceduralMap.unity
  artifactKey: Guid(4f12a1ee58877a6439b78e14eb77068c) Importer(815301076,1909f56bfc062723c751e8b465ee728b)
Start importing Assets/Scenes/proceduralMap.unity using Guid(4f12a1ee58877a6439b78e14eb77068c) Importer(815301076,1909f56bfc062723c751e8b465ee728b)  -> (artifact id: 'ace2cd7aec0be23625a4c441280cef3b') in 0.005555 seconds 
  Import took 0.027730 seconds .

========================================================================
Received Import Request.
  Time since last request: 13.098425 seconds.
  path: Assets/Assets/props
  artifactKey: Guid(56142da41b955eb43a006e33bbffb6f8) Importer(815301076,1909f56bfc062723c751e8b465ee728b)
Start importing Assets/Assets/props using Guid(56142da41b955eb43a006e33bbffb6f8) Importer(815301076,1909f56bfc062723c751e8b465ee728b)  -> (artifact id: '107edc83d2f1988e9ce0b34b6f95edef') in 0.007987 seconds 
  Import took 0.021883 seconds .

========================================================================
Received Import Request.
  Time since last request: 0.001385 seconds.
  path: Assets/Assets/props
  artifactKey: Guid(56142da41b955eb43a006e33bbffb6f8) Importer(815301076,1909f56bfc062723c751e8b465ee728b)
Start importing Assets/Assets/props using Guid(56142da41b955eb43a006e33bbffb6f8) Importer(815301076,1909f56bfc062723c751e8b465ee728b)  -> (artifact id: '107edc83d2f1988e9ce0b34b6f95edef') in 0.003474 seconds 
  Import took 0.018145 seconds .

========================================================================
Received Import Request.
  Time since last request: 48.142607 seconds.
  path: Assets/Assets/Habitaciones/2 puertas cuadrado.fbx
  artifactKey: Guid(63c3fc73f7aded84b83d88fc6e221f2b) Importer(815301076,1909f56bfc062723c751e8b465ee728b)
Start importing Assets/Assets/Habitaciones/2 puertas cuadrado.fbx using Guid(63c3fc73f7aded84b83d88fc6e221f2b) Importer(815301076,1909f56bfc062723c751e8b465ee728b)  -> (artifact id: 'd7de185245b912d52a6a765c44caf516') in 0.953871 seconds 
  Import took 0.971191 seconds .

========================================================================
Received Import Request.
  Time since last request: 0.000642 seconds.
  path: Assets/Assets/Habitaciones/4 puertas cuadrado.fbx
  artifactKey: Guid(0d95c548c45300e42b0c3beb8ca62cd5) Importer(815301076,1909f56bfc062723c751e8b465ee728b)
Start importing Assets/Assets/Habitaciones/4 puertas cuadrado.fbx using Guid(0d95c548c45300e42b0c3beb8ca62cd5) Importer(815301076,1909f56bfc062723c751e8b465ee728b)  -> (artifact id: '5cf2f64b0da569e11ff9633546dc248b') in 0.132708 seconds 
  Import took 0.142346 seconds .

========================================================================
Received Import Request.
  Time since last request: 0.000518 seconds.
  path: Assets/Assets/Habitaciones/puerta arriba y derecha.fbx
  artifactKey: Guid(5f7ef497f8d00bb42af49ce00d514ec1) Importer(815301076,1909f56bfc062723c751e8b465ee728b)
Start importing Assets/Assets/Habitaciones/puerta arriba y derecha.fbx using Guid(5f7ef497f8d00bb42af49ce00d514ec1) Importer(815301076,1909f56bfc062723c751e8b465ee728b)  -> (artifact id: '6857fe3b477f15a0224636744c3956d6') in 0.144293 seconds 
  Import took 0.154661 seconds .

========================================================================
Received Import Request.
  Time since last request: 0.000497 seconds.
  path: Assets/Assets/Habitaciones/puerta arriba.fbx
  artifactKey: Guid(c2c304d9014bcf44da8f02f7dfb1fb93) Importer(815301076,1909f56bfc062723c751e8b465ee728b)
Start importing Assets/Assets/Habitaciones/puerta arriba.fbx using Guid(c2c304d9014bcf44da8f02f7dfb1fb93) Importer(815301076,1909f56bfc062723c751e8b465ee728b)  -> (artifact id: 'c0fa8e85d3c99ddc089ed7671cc2bbc5') in 0.139913 seconds 
  Import took 0.150822 seconds .

========================================================================
Received Import Request.
  Time since last request: 27.411759 seconds.
  path: Assets/Assets/Habitaciones/PaquetePuertas
  artifactKey: Guid(a790429f8cc508043ab35c2d3258f624) Importer(815301076,1909f56bfc062723c751e8b465ee728b)
Start importing Assets/Assets/Habitaciones/PaquetePuertas using Guid(a790429f8cc508043ab35c2d3258f624) Importer(815301076,1909f56bfc062723c751e8b465ee728b)  -> (artifact id: 'a376f8ce2b44bb06ba2d3ba3911786d2') in 0.004827 seconds 
  Import took 0.017636 seconds .

========================================================================
Received Import Request.
  Time since last request: 27.857147 seconds.
  path: Assets/Assets/Habitaciones/puerta arriba.prefab
  artifactKey: Guid(cd84b876eae67ee49a78392281a2c2af) Importer(815301076,1909f56bfc062723c751e8b465ee728b)
Start importing Assets/Assets/Habitaciones/puerta arriba.prefab using Guid(cd84b876eae67ee49a78392281a2c2af) Importer(815301076,1909f56bfc062723c751e8b465ee728b)  -> (artifact id: '1d3e3a04520a2d578530264ac3001d83') in 0.032943 seconds 
  Import took 0.047493 seconds .

========================================================================
Received Import Request.
  Time since last request: 1.354585 seconds.
  path: Assets/Assets/Habitaciones/puerta arriba y derecha.prefab
  artifactKey: Guid(7bbd5b6beebc13e4cb064dc12e78d0b5) Importer(815301076,1909f56bfc062723c751e8b465ee728b)
Start importing Assets/Assets/Habitaciones/puerta arriba y derecha.prefab using Guid(7bbd5b6beebc13e4cb064dc12e78d0b5) Importer(815301076,1909f56bfc062723c751e8b465ee728b)  -> (artifact id: '65d7fa9e625ca11506d18f363689fb5d') in 0.026401 seconds 
  Import took 0.042877 seconds .

========================================================================
Received Import Request.
  Time since last request: 1.476933 seconds.
  path: Assets/Assets/Habitaciones/4 puertas cuadrado.prefab
  artifactKey: Guid(d2d5da0c2367f6947a12dabaf640bce8) Importer(815301076,1909f56bfc062723c751e8b465ee728b)
Start importing Assets/Assets/Habitaciones/4 puertas cuadrado.prefab using Guid(d2d5da0c2367f6947a12dabaf640bce8) Importer(815301076,1909f56bfc062723c751e8b465ee728b)  -> (artifact id: 'b9a8dd858d16cde2ceaac77d6e3a117b') in 0.028680 seconds 
  Import took 0.043171 seconds .

========================================================================
Received Import Request.
  Time since last request: 1.607773 seconds.
  path: Assets/Assets/Habitaciones/2 puertas cuadrado.prefab
  artifactKey: Guid(fe537404cf60d9240acec9b58079125e) Importer(815301076,1909f56bfc062723c751e8b465ee728b)
Start importing Assets/Assets/Habitaciones/2 puertas cuadrado.prefab using Guid(fe537404cf60d9240acec9b58079125e) Importer(815301076,1909f56bfc062723c751e8b465ee728b)  -> (artifact id: '08b682996830677a43a4318cebfaae47') in 0.047525 seconds 
  Import took 0.070429 seconds .

========================================================================
Received Import Request.
  Time since last request: 2.760666 seconds.
  path: Assets/Assets/Habitaciones/2 puertas cuadrado.prefab
  artifactKey: Guid(fe537404cf60d9240acec9b58079125e) Importer(815301076,1909f56bfc062723c751e8b465ee728b)
Start importing Assets/Assets/Habitaciones/2 puertas cuadrado.prefab using Guid(fe537404cf60d9240acec9b58079125e) Importer(815301076,1909f56bfc062723c751e8b465ee728b)  -> (artifact id: 'ee5a72abd2c2edc789f38cf04200557f') in 0.028220 seconds 
  Import took 0.039362 seconds .

========================================================================
Received Import Request.
  Time since last request: 0.631562 seconds.
  path: Assets/Assets/Habitaciones/2 puertas cuadrado.prefab
  artifactKey: Guid(fe537404cf60d9240acec9b58079125e) Importer(815301076,1909f56bfc062723c751e8b465ee728b)
Start importing Assets/Assets/Habitaciones/2 puertas cuadrado.prefab using Guid(fe537404cf60d9240acec9b58079125e) Importer(815301076,1909f56bfc062723c751e8b465ee728b)  -> (artifact id: '4597aa9425b2de2204a6982f8b885416') in 0.024784 seconds 
  Import took 0.037538 seconds .

========================================================================
Received Import Request.
  Time since last request: 3.188123 seconds.
  path: Assets/Assets/Habitaciones/4 puertas cuadrado.prefab
  artifactKey: Guid(d2d5da0c2367f6947a12dabaf640bce8) Importer(815301076,1909f56bfc062723c751e8b465ee728b)
Start importing Assets/Assets/Habitaciones/4 puertas cuadrado.prefab using Guid(d2d5da0c2367f6947a12dabaf640bce8) Importer(815301076,1909f56bfc062723c751e8b465ee728b)  -> (artifact id: '9c4acf2406158d0f38bed4e0e31910d0') in 0.028567 seconds 
  Import took 0.041030 seconds .

========================================================================
Received Import Request.
  Time since last request: 0.380996 seconds.
  path: Assets/Assets/Habitaciones/4 puertas cuadrado.prefab
  artifactKey: Guid(d2d5da0c2367f6947a12dabaf640bce8) Importer(815301076,1909f56bfc062723c751e8b465ee728b)
Start importing Assets/Assets/Habitaciones/4 puertas cuadrado.prefab using Guid(d2d5da0c2367f6947a12dabaf640bce8) Importer(815301076,1909f56bfc062723c751e8b465ee728b)  -> (artifact id: 'cdfd2fd64eb414bbc1e57502f9fb6534') in 0.029428 seconds 
  Import took 0.040790 seconds .

========================================================================
Received Import Request.
  Time since last request: 1.375940 seconds.
  path: Assets/Assets/Habitaciones/4 puertas cuadrado.prefab
  artifactKey: Guid(d2d5da0c2367f6947a12dabaf640bce8) Importer(815301076,1909f56bfc062723c751e8b465ee728b)
Start importing Assets/Assets/Habitaciones/4 puertas cuadrado.prefab using Guid(d2d5da0c2367f6947a12dabaf640bce8) Importer(815301076,1909f56bfc062723c751e8b465ee728b)  -> (artifact id: '129203cf9804c34e15216e0ea9f7ed07') in 0.025903 seconds 
  Import took 0.043394 seconds .

========================================================================
Received Import Request.
  Time since last request: 3.193005 seconds.
  path: Assets/Assets/Habitaciones/puerta arriba y derecha.prefab
  artifactKey: Guid(7bbd5b6beebc13e4cb064dc12e78d0b5) Importer(815301076,1909f56bfc062723c751e8b465ee728b)
Start importing Assets/Assets/Habitaciones/puerta arriba y derecha.prefab using Guid(7bbd5b6beebc13e4cb064dc12e78d0b5) Importer(815301076,1909f56bfc062723c751e8b465ee728b)  -> (artifact id: 'f14905ec70c0ee7e5cf7e5e5e36baf25') in 0.022496 seconds 
  Import took 0.042727 seconds .

========================================================================
Received Import Request.
  Time since last request: 0.999071 seconds.
  path: Assets/Assets/Habitaciones/puerta arriba y derecha.prefab
  artifactKey: Guid(7bbd5b6beebc13e4cb064dc12e78d0b5) Importer(815301076,1909f56bfc062723c751e8b465ee728b)
Start importing Assets/Assets/Habitaciones/puerta arriba y derecha.prefab using Guid(7bbd5b6beebc13e4cb064dc12e78d0b5) Importer(815301076,1909f56bfc062723c751e8b465ee728b)  -> (artifact id: 'd53149798cd62bc6e2f818c71477153e') in 0.038320 seconds 
  Import took 0.053037 seconds .

========================================================================
Received Import Request.
  Time since last request: 0.003434 seconds.
  path: Assets/Assets/Habitaciones/puerta arriba y derecha.prefab
  artifactKey: Guid(7bbd5b6beebc13e4cb064dc12e78d0b5) Importer(815301076,1909f56bfc062723c751e8b465ee728b)
Start importing Assets/Assets/Habitaciones/puerta arriba y derecha.prefab using Guid(7bbd5b6beebc13e4cb064dc12e78d0b5) Importer(815301076,1909f56bfc062723c751e8b465ee728b)  -> (artifact id: 'd53149798cd62bc6e2f818c71477153e') in 0.023319 seconds 
  Import took 0.045172 seconds .

========================================================================
Received Import Request.
  Time since last request: 1.718834 seconds.
  path: Assets/Assets/Habitaciones/puerta arriba y derecha.prefab
  artifactKey: Guid(7bbd5b6beebc13e4cb064dc12e78d0b5) Importer(815301076,1909f56bfc062723c751e8b465ee728b)
Start importing Assets/Assets/Habitaciones/puerta arriba y derecha.prefab using Guid(7bbd5b6beebc13e4cb064dc12e78d0b5) Importer(815301076,1909f56bfc062723c751e8b465ee728b)  -> (artifact id: '8739d164d1bb4218e2bb762465e90c4f') in 0.027796 seconds 
  Import took 0.052714 seconds .

========================================================================
Received Import Request.
  Time since last request: 1.983853 seconds.
  path: Assets/Assets/Habitaciones/puerta arriba.prefab
  artifactKey: Guid(cd84b876eae67ee49a78392281a2c2af) Importer(815301076,1909f56bfc062723c751e8b465ee728b)
Start importing Assets/Assets/Habitaciones/puerta arriba.prefab using Guid(cd84b876eae67ee49a78392281a2c2af) Importer(815301076,1909f56bfc062723c751e8b465ee728b)  -> (artifact id: '294fe86cea7ef91afc3637a96a480983') in 0.032237 seconds 
  Import took 0.049973 seconds .

========================================================================
Received Import Request.
  Time since last request: 0.578416 seconds.
  path: Assets/Assets/Habitaciones/puerta arriba.prefab
  artifactKey: Guid(cd84b876eae67ee49a78392281a2c2af) Importer(815301076,1909f56bfc062723c751e8b465ee728b)
Start importing Assets/Assets/Habitaciones/puerta arriba.prefab using Guid(cd84b876eae67ee49a78392281a2c2af) Importer(815301076,1909f56bfc062723c751e8b465ee728b)  -> (artifact id: 'ece4a54170577164c4a65761c3caab64') in 0.026030 seconds 
  Import took 0.037835 seconds .

========================================================================
Received Import Request.
  Time since last request: 1.706462 seconds.
  path: Assets/Assets/Habitaciones/puerta arriba.prefab
  artifactKey: Guid(cd84b876eae67ee49a78392281a2c2af) Importer(815301076,1909f56bfc062723c751e8b465ee728b)
Start importing Assets/Assets/Habitaciones/puerta arriba.prefab using Guid(cd84b876eae67ee49a78392281a2c2af) Importer(815301076,1909f56bfc062723c751e8b465ee728b)  -> (artifact id: '7b454eb0d67e562ceb716161d45c12c1') in 0.027420 seconds 
  Import took 0.054166 seconds .

========================================================================
Received Import Request.
  Time since last request: 34.806152 seconds.
  path: Assets/Assets/Habitaciones/2 puertas cuadrado.prefab
  artifactKey: Guid(fe537404cf60d9240acec9b58079125e) Importer(815301076,1909f56bfc062723c751e8b465ee728b)
Start importing Assets/Assets/Habitaciones/2 puertas cuadrado.prefab using Guid(fe537404cf60d9240acec9b58079125e) Importer(815301076,1909f56bfc062723c751e8b465ee728b)  -> (artifact id: '3e7cdefb94bcfb845332aa6faa1678ec') in 0.026600 seconds 
  Import took 0.045627 seconds .

========================================================================
Received Import Request.
  Time since last request: 0.000941 seconds.
  path: Assets/Assets/Habitaciones/puerta arriba.prefab
  artifactKey: Guid(cd84b876eae67ee49a78392281a2c2af) Importer(815301076,1909f56bfc062723c751e8b465ee728b)
Start importing Assets/Assets/Habitaciones/puerta arriba.prefab using Guid(cd84b876eae67ee49a78392281a2c2af) Importer(815301076,1909f56bfc062723c751e8b465ee728b)  -> (artifact id: '6d4e68375b1f0aad57c30d028640baac') in 0.023451 seconds 
  Import took 0.034558 seconds .

========================================================================
Received Import Request.
  Time since last request: 0.000521 seconds.
  path: Assets/Assets/Habitaciones/4 puertas cuadrado.prefab
  artifactKey: Guid(d2d5da0c2367f6947a12dabaf640bce8) Importer(815301076,1909f56bfc062723c751e8b465ee728b)
Start importing Assets/Assets/Habitaciones/4 puertas cuadrado.prefab using Guid(d2d5da0c2367f6947a12dabaf640bce8) Importer(815301076,1909f56bfc062723c751e8b465ee728b)  -> (artifact id: 'b205ee4079198fb1c58b386f079c0844') in 0.026114 seconds 
  Import took 0.037984 seconds .

========================================================================
Received Import Request.
  Time since last request: 0.000536 seconds.
  path: Assets/Assets/Habitaciones/puerta arriba y derecha.prefab
  artifactKey: Guid(7bbd5b6beebc13e4cb064dc12e78d0b5) Importer(815301076,1909f56bfc062723c751e8b465ee728b)
Start importing Assets/Assets/Habitaciones/puerta arriba y derecha.prefab using Guid(7bbd5b6beebc13e4cb064dc12e78d0b5) Importer(815301076,1909f56bfc062723c751e8b465ee728b)  -> (artifact id: '01459e9d6fcf073cb69e28e11b962de4') in 0.024892 seconds 
  Import took 0.038860 seconds .

========================================================================
Received Import Request.
  Time since last request: 105.596696 seconds.
  path: Assets/Assets/Habitaciones/Puertas sin Objects
  artifactKey: Guid(6e1b780a21b4fd7429e45b88e34a5d12) Importer(815301076,1909f56bfc062723c751e8b465ee728b)
Start importing Assets/Assets/Habitaciones/Puertas sin Objects using Guid(6e1b780a21b4fd7429e45b88e34a5d12) Importer(815301076,1909f56bfc062723c751e8b465ee728b)  -> (artifact id: 'be479adbb287eeb48e428fb346a688ed') in 0.008785 seconds 
  Import took 0.022407 seconds .

========================================================================
Received Import Request.
  Time since last request: 16.825890 seconds.
  path: Assets/Assets/Habitaciones/Puertas del juego
  artifactKey: Guid(9f20d889a3c967a449961d269d39956d) Importer(815301076,1909f56bfc062723c751e8b465ee728b)
Start importing Assets/Assets/Habitaciones/Puertas del juego using Guid(9f20d889a3c967a449961d269d39956d) Importer(815301076,1909f56bfc062723c751e8b465ee728b)  -> (artifact id: '866fadde1613fdd06fd56975d0defdde') in 0.004654 seconds 
  Import took 0.015083 seconds .

========================================================================
Received Import Request.
  Time since last request: 888.405519 seconds.
  path: Assets/Assets/Habitaciones/Puertas sin Objects/puerta arriba y derecha.prefab
  artifactKey: Guid(7bbd5b6beebc13e4cb064dc12e78d0b5) Importer(815301076,1909f56bfc062723c751e8b465ee728b)
Start importing Assets/Assets/Habitaciones/Puertas sin Objects/puerta arriba y derecha.prefab using Guid(7bbd5b6beebc13e4cb064dc12e78d0b5) Importer(815301076,1909f56bfc062723c751e8b465ee728b)  -> (artifact id: 'b5b4977e6f3a263141cc75ee664ff8c0') in 0.041434 seconds 
  Import took 0.085748 seconds .

========================================================================
Received Import Request.
  Time since last request: 8.281476 seconds.
  path: Assets/Assets/Habitaciones/Puertas sin Objects/2 puertas cuadrado.prefab
  artifactKey: Guid(fe537404cf60d9240acec9b58079125e) Importer(815301076,1909f56bfc062723c751e8b465ee728b)
Start importing Assets/Assets/Habitaciones/Puertas sin Objects/2 puertas cuadrado.prefab using Guid(fe537404cf60d9240acec9b58079125e) Importer(815301076,1909f56bfc062723c751e8b465ee728b)  -> (artifact id: 'fce312c87bfaaa577dcd7adfd2d87567') in 0.022296 seconds 
  Import took 0.039289 seconds .

========================================================================
Received Import Request.
  Time since last request: 17.000170 seconds.
  path: Assets/Assets/Habitaciones/Puertas sin Objects/4 puertas cuadrado.prefab
  artifactKey: Guid(d2d5da0c2367f6947a12dabaf640bce8) Importer(815301076,1909f56bfc062723c751e8b465ee728b)
Start importing Assets/Assets/Habitaciones/Puertas sin Objects/4 puertas cuadrado.prefab using Guid(d2d5da0c2367f6947a12dabaf640bce8) Importer(815301076,1909f56bfc062723c751e8b465ee728b)  -> (artifact id: 'd8844f43680f2264daaf10195cd4b8bb') in 0.053642 seconds 
  Import took 0.071095 seconds .

========================================================================
Received Import Request.
  Time since last request: 7.264962 seconds.
  path: Assets/Assets/Habitaciones/Puertas sin Objects/puerta arriba.prefab
  artifactKey: Guid(cd84b876eae67ee49a78392281a2c2af) Importer(815301076,1909f56bfc062723c751e8b465ee728b)
Start importing Assets/Assets/Habitaciones/Puertas sin Objects/puerta arriba.prefab using Guid(cd84b876eae67ee49a78392281a2c2af) Importer(815301076,1909f56bfc062723c751e8b465ee728b)  -> (artifact id: 'f7a496e252056bc21a89a0489fad1e01') in 0.022132 seconds 
  Import took 0.037922 seconds .

========================================================================
Received Prepare
Registering precompiled user dll's ...
Registered in 0.008443 seconds.
Begin MonoManager ReloadAssembly
Native extension for WindowsStandalone target not found
Native extension for WebGL target not found
Refreshing native plugins compatible for Editor in 1.12 ms, found 2 plugins.
Preloading 0 native plugins for Editor in 0.00 ms.
Mono: successfully reloaded assembly
- Completed reload, in  3.169 seconds
Domain Reload Profiling:
	ReloadAssembly (3170ms)
		BeginReloadAssembly (297ms)
			ExecutionOrderSort (0ms)
			DisableScriptedObjects (16ms)
			BackupInstance (0ms)
			ReleaseScriptingObjects (0ms)
			CreateAndSetChildDomain (93ms)
		EndReloadAssembly (2673ms)
			LoadAssemblies (267ms)
			RebuildTransferFunctionScriptingTraits (0ms)
			SetupTypeCache (1070ms)
			ReleaseScriptCaches (3ms)
			RebuildScriptCaches (128ms)
			SetupLoadedEditorAssemblies (823ms)
				LogAssemblyErrors (0ms)
				InitializePlatformSupportModulesInManaged (14ms)
				SetLoadedEditorAssemblies (1ms)
				RefreshPlugins (1ms)
				BeforeProcessingInitializeOnLoad (230ms)
				ProcessInitializeOnLoadAttributes (543ms)
				ProcessInitializeOnLoadMethodAttributes (10ms)
				AfterProcessingInitializeOnLoad (23ms)
				EditorAssembliesLoaded (1ms)
			ExecutionOrderSort2 (0ms)
			AwakeInstancesAfterBackupRestoration (42ms)
Platform modules already initialized, skipping
Refreshing native plugins compatible for Editor in 0.98 ms, found 2 plugins.
Preloading 0 native plugins for Editor in 0.00 ms.
Unloading 2621 Unused Serialized files (Serialized files now loaded: 0)
System memory in use before: 123.9 MB.
System memory in use after: 124.1 MB.

Unloading 12 unused Assets to reduce memory usage. Loaded Objects now: 3289.
Total: 9.889400 ms (FindLiveObjects: 0.531000 ms CreateObjectMapping: 0.302400 ms MarkObjects: 8.993800 ms  DeleteObjects: 0.058900 ms)

AssetImportParameters requested are different than current active one (requested -> active):
  custom:framework-win-MediaFoundation: 216162199b28c13a410421893ffa2e32 -> 
  custom:video-decoder-ogg-theora: a1e56fd34408186e4bbccfd4996cb3dc -> 
  custom:container-muxer-webm: aa71ff27fc2769a1b78a27578f13a17b -> 
  custom:container-demuxer-webm: 4f35f7cbe854078d1ac9338744f61a02 -> 
  custom:container-demuxer-ogg: 62fdf1f143b41e24485cea50d1cbac27 -> 
  custom:video-encoder-webm-vp8: eb34c28f22e8b96e1ab97ce403110664 -> 
  custom:video-codec-MediaFoundation-h265: 746d11721c4dcdbdad8f713fa42b33f4 -> 
  custom:video-decoder-webm-vp8: 9c59270c3fd7afecdb556c50c9e8de78 -> 
  custom:audio-decoder-ogg-vorbis: bf7c407c2cedff20999df2af8eb42d56 -> 
  custom:audio-encoder-webm-vorbis: bf7c407c2cedff20999df2af8eb42d56 -> 
========================================================================
Received Import Request.
  Time since last request: 180.797376 seconds.
  path: Assets/Prefabs/Rooms/3DRooms/B.prefab
  artifactKey: Guid(0dca2940e3323aa48be96232b2898d55) Importer(815301076,1909f56bfc062723c751e8b465ee728b)
Start importing Assets/Prefabs/Rooms/3DRooms/B.prefab using Guid(0dca2940e3323aa48be96232b2898d55) Importer(815301076,1909f56bfc062723c751e8b465ee728b)  -> (artifact id: 'edf1297fefedf22cdbbeab4d26208ae8') in 0.537261 seconds 
  Import took 0.549779 seconds .

========================================================================
Received Import Request.
  Time since last request: 0.000686 seconds.
  path: Assets/Prefabs/Rooms/3DRooms/TL.prefab
  artifactKey: Guid(a07fae13d0278c244a17838fe7d6ce2c) Importer(815301076,1909f56bfc062723c751e8b465ee728b)
Start importing Assets/Prefabs/Rooms/3DRooms/TL.prefab using Guid(a07fae13d0278c244a17838fe7d6ce2c) Importer(815301076,1909f56bfc062723c751e8b465ee728b)  -> (artifact id: 'c5f9fc368930373d9cf704c0a23868e5') in 0.025762 seconds 
  Import took 0.038870 seconds .

========================================================================
Received Import Request.
  Time since last request: 0.000759 seconds.
  path: Assets/Prefabs/Rooms/3DRooms/B.prefab
  artifactKey: Guid(0dca2940e3323aa48be96232b2898d55) Importer(815301076,1909f56bfc062723c751e8b465ee728b)
Start importing Assets/Prefabs/Rooms/3DRooms/B.prefab using Guid(0dca2940e3323aa48be96232b2898d55) Importer(815301076,1909f56bfc062723c751e8b465ee728b)  -> (artifact id: 'edf1297fefedf22cdbbeab4d26208ae8') in 0.064757 seconds 
  Import took 0.079989 seconds .

========================================================================
Received Import Request.
  Time since last request: 0.000629 seconds.
  path: Assets/Prefabs/Rooms/3DRooms/New Material.mat
  artifactKey: Guid(cddc7e681d82fbb4fb7b5f2f277f858c) Importer(815301076,1909f56bfc062723c751e8b465ee728b)
Start importing Assets/Prefabs/Rooms/3DRooms/New Material.mat using Guid(cddc7e681d82fbb4fb7b5f2f277f858c) Importer(815301076,1909f56bfc062723c751e8b465ee728b)  -> (artifact id: 'adc8e8a1df7640ffeca2040553014d4a') in 0.095623 seconds 
  Import took 0.107708 seconds .

========================================================================
Received Import Request.
  Time since last request: 0.000619 seconds.
  path: Assets/Prefabs/Rooms/3DRooms/L.prefab
  artifactKey: Guid(3f2e21bf6d4d50e4b990673a7ecdf888) Importer(815301076,1909f56bfc062723c751e8b465ee728b)
Start importing Assets/Prefabs/Rooms/3DRooms/L.prefab using Guid(3f2e21bf6d4d50e4b990673a7ecdf888) Importer(815301076,1909f56bfc062723c751e8b465ee728b)  -> (artifact id: '5b3ae56e51cce319523160f211ac2cab') in 0.026749 seconds 
  Import took 0.040891 seconds .

========================================================================
Received Import Request.
  Time since last request: 0.000940 seconds.
  path: Assets/Prefabs/Rooms/3DRooms/BL.prefab
  artifactKey: Guid(5a1941befcbde6545bbdc38f47553429) Importer(815301076,1909f56bfc062723c751e8b465ee728b)
Start importing Assets/Prefabs/Rooms/3DRooms/BL.prefab using Guid(5a1941befcbde6545bbdc38f47553429) Importer(815301076,1909f56bfc062723c751e8b465ee728b)  -> (artifact id: '3b5cd3404b32b6fb6e403dd0e2eff6f6') in 0.031008 seconds 
  Import took 0.047795 seconds .

========================================================================
Received Import Request.
  Time since last request: 0.000581 seconds.
  path: Assets/Prefabs/Rooms/3DRooms/TB.prefab
  artifactKey: Guid(0ecc4920cc9df83499d82c11733840c5) Importer(815301076,1909f56bfc062723c751e8b465ee728b)
Start importing Assets/Prefabs/Rooms/3DRooms/TB.prefab using Guid(0ecc4920cc9df83499d82c11733840c5) Importer(815301076,1909f56bfc062723c751e8b465ee728b)  -> (artifact id: '0f3779349b26e39109400826a2c8f216') in 0.031192 seconds 
  Import took 0.042015 seconds .

========================================================================
Received Import Request.
  Time since last request: 0.000655 seconds.
  path: Assets/Prefabs/Rooms/3DRooms/R.prefab
  artifactKey: Guid(2b9def7a61410694697e9c5636c157d0) Importer(815301076,1909f56bfc062723c751e8b465ee728b)
Start importing Assets/Prefabs/Rooms/3DRooms/R.prefab using Guid(2b9def7a61410694697e9c5636c157d0) Importer(815301076,1909f56bfc062723c751e8b465ee728b)  -> (artifact id: '1fa040077ae17e6a3c28b450739576da') in 0.031656 seconds 
  Import took 0.050646 seconds .

========================================================================
Received Import Request.
  Time since last request: 0.000765 seconds.
  path: Assets/Prefabs/Rooms/3DRooms/TR.prefab
  artifactKey: Guid(7784e78a26170fe4f87fa2f7d409b412) Importer(815301076,1909f56bfc062723c751e8b465ee728b)
Start importing Assets/Prefabs/Rooms/3DRooms/TR.prefab using Guid(7784e78a26170fe4f87fa2f7d409b412) Importer(815301076,1909f56bfc062723c751e8b465ee728b)  -> (artifact id: '8bf39ffd01f90ecaa7b173f2157ea129') in 0.027657 seconds 
  Import took 0.043087 seconds .

========================================================================
Received Import Request.
  Time since last request: 0.000574 seconds.
  path: Assets/Prefabs/Rooms/3DRooms/RB.prefab
  artifactKey: Guid(8de4e225feb8d1d4b884886237853de7) Importer(815301076,1909f56bfc062723c751e8b465ee728b)
Start importing Assets/Prefabs/Rooms/3DRooms/RB.prefab using Guid(8de4e225feb8d1d4b884886237853de7) Importer(815301076,1909f56bfc062723c751e8b465ee728b)  -> (artifact id: 'ca24b05669932f851dd1656889272622') in 0.027752 seconds 
  Import took 0.041437 seconds .

========================================================================
Received Import Request.
  Time since last request: 0.000657 seconds.
  path: Assets/Prefabs/Rooms/3DRooms/LR.prefab
  artifactKey: Guid(3c2531b0893986942afe4e70d76ef013) Importer(815301076,1909f56bfc062723c751e8b465ee728b)
Start importing Assets/Prefabs/Rooms/3DRooms/LR.prefab using Guid(3c2531b0893986942afe4e70d76ef013) Importer(815301076,1909f56bfc062723c751e8b465ee728b)  -> (artifact id: '9169b7fd9c543a7639a24ac6913a9d35') in 0.030625 seconds 
  Import took 0.048206 seconds .

========================================================================
Received Import Request.
  Time since last request: 0.001020 seconds.
  path: Assets/Prefabs/Rooms/3DRooms/T.prefab
  artifactKey: Guid(1a279d67bf11e9e4fbf71cbea9c3c56b) Importer(815301076,1909f56bfc062723c751e8b465ee728b)
Start importing Assets/Prefabs/Rooms/3DRooms/T.prefab using Guid(1a279d67bf11e9e4fbf71cbea9c3c56b) Importer(815301076,1909f56bfc062723c751e8b465ee728b)  -> (artifact id: '5d155afd869140b1d47d3086f056d2a2') in 0.032182 seconds 
  Import took 0.045001 seconds .

========================================================================
Received Import Request.
  Time since last request: 0.000829 seconds.
  path: Assets/Prefabs/Rooms/3DRooms/ClosedRoom.prefab
  artifactKey: Guid(1210a7650958be34e9b1c8ed10c56afb) Importer(815301076,1909f56bfc062723c751e8b465ee728b)
Start importing Assets/Prefabs/Rooms/3DRooms/ClosedRoom.prefab using Guid(1210a7650958be34e9b1c8ed10c56afb) Importer(815301076,1909f56bfc062723c751e8b465ee728b)  -> (artifact id: 'b22fdeaf9dcba0c4d8040ed08bf04472') in 0.024626 seconds 
  Import took 0.048095 seconds .

========================================================================
Received Import Request.
  Time since last request: 0.000672 seconds.
  path: Assets/Prefabs/Rooms/3DRooms/RoomTemplate.prefab
  artifactKey: Guid(a1ff9c4a1620e934595942b8e8db7b03) Importer(815301076,1909f56bfc062723c751e8b465ee728b)
Start importing Assets/Prefabs/Rooms/3DRooms/RoomTemplate.prefab using Guid(a1ff9c4a1620e934595942b8e8db7b03) Importer(815301076,1909f56bfc062723c751e8b465ee728b)  -> (artifact id: '57a6f2e9b8c2fdb7b6e458ddaf7acabb') in 0.031111 seconds 
  Import took 0.045918 seconds .

========================================================================
Received Import Request.
  Time since last request: 450.785316 seconds.
  path: Assets/Assets/Habitaciones/Puertas del juego/R.prefab
  artifactKey: Guid(2dd50b2a8ee8abd49943c11a37e08879) Importer(815301076,1909f56bfc062723c751e8b465ee728b)
Start importing Assets/Assets/Habitaciones/Puertas del juego/R.prefab using Guid(2dd50b2a8ee8abd49943c11a37e08879) Importer(815301076,1909f56bfc062723c751e8b465ee728b)  -> (artifact id: 'f93bd39edd2f7451ce00db508da62307') in 0.031636 seconds 
  Import took 0.047182 seconds .

========================================================================
Received Import Request.
  Time since last request: 1.174648 seconds.
  path: Assets/Assets/Habitaciones/Puertas del juego/LR.prefab
  artifactKey: Guid(55cec621827845b4b9d4602d5ed262e0) Importer(815301076,1909f56bfc062723c751e8b465ee728b)
Start importing Assets/Assets/Habitaciones/Puertas del juego/LR.prefab using Guid(55cec621827845b4b9d4602d5ed262e0) Importer(815301076,1909f56bfc062723c751e8b465ee728b)  -> (artifact id: '6be16627c89f1e2ef59885f4b479a3b6') in 0.023474 seconds 
  Import took 0.039867 seconds .

========================================================================
Received Import Request.
  Time since last request: 3.787586 seconds.
  path: Assets/Assets/Habitaciones/Puertas del juego/L.prefab
  artifactKey: Guid(a8217c87c06537545bbb1f7cbbce68dc) Importer(815301076,1909f56bfc062723c751e8b465ee728b)
Start importing Assets/Assets/Habitaciones/Puertas del juego/L.prefab using Guid(a8217c87c06537545bbb1f7cbbce68dc) Importer(815301076,1909f56bfc062723c751e8b465ee728b)  -> (artifact id: '97a18492a23a8529ddcdc14bd7072b2e') in 0.026818 seconds 
  Import took 0.038219 seconds .

========================================================================
Received Import Request.
  Time since last request: 1.627396 seconds.
  path: Assets/Assets/Habitaciones/Puertas del juego/TR.prefab
  artifactKey: Guid(4f4b958d3198ee749bfbf8920ca70eee) Importer(815301076,1909f56bfc062723c751e8b465ee728b)
Start importing Assets/Assets/Habitaciones/Puertas del juego/TR.prefab using Guid(4f4b958d3198ee749bfbf8920ca70eee) Importer(815301076,1909f56bfc062723c751e8b465ee728b)  -> (artifact id: '409e083500a37419ebed12a55766fc20') in 0.027013 seconds 
  Import took 0.038736 seconds .

========================================================================
Received Import Request.
  Time since last request: 1.833083 seconds.
  path: Assets/Assets/Habitaciones/Puertas del juego/TL.prefab
  artifactKey: Guid(1f001fca1ac0bbc4a8f372e4f3071e47) Importer(815301076,1909f56bfc062723c751e8b465ee728b)
Start importing Assets/Assets/Habitaciones/Puertas del juego/TL.prefab using Guid(1f001fca1ac0bbc4a8f372e4f3071e47) Importer(815301076,1909f56bfc062723c751e8b465ee728b)  -> (artifact id: 'e2068c460234039cca39e54941d4603e') in 0.023668 seconds 
  Import took 0.042760 seconds .

========================================================================
Received Import Request.
  Time since last request: 1.849506 seconds.
  path: Assets/Assets/Habitaciones/Puertas del juego/T.prefab
  artifactKey: Guid(3fae15089b6a31c4aac9a3a528d438d3) Importer(815301076,1909f56bfc062723c751e8b465ee728b)
Start importing Assets/Assets/Habitaciones/Puertas del juego/T.prefab using Guid(3fae15089b6a31c4aac9a3a528d438d3) Importer(815301076,1909f56bfc062723c751e8b465ee728b)  -> (artifact id: '4d361c82489b7d1f1c81d87ea16d1184') in 0.023390 seconds 
  Import took 0.036176 seconds .

========================================================================
Received Import Request.
  Time since last request: 1.754453 seconds.
  path: Assets/Assets/Habitaciones/Puertas del juego/TB.prefab
  artifactKey: Guid(dc722c22d9231fb419c4b351a70f962a) Importer(815301076,1909f56bfc062723c751e8b465ee728b)
Start importing Assets/Assets/Habitaciones/Puertas del juego/TB.prefab using Guid(dc722c22d9231fb419c4b351a70f962a) Importer(815301076,1909f56bfc062723c751e8b465ee728b)  -> (artifact id: '357cf786d951a7b9c0b10da232ac0a50') in 0.024672 seconds 
  Import took 0.038061 seconds .

========================================================================
Received Import Request.
  Time since last request: 1.954581 seconds.
  path: Assets/Assets/Habitaciones/Puertas del juego/RB.prefab
  artifactKey: Guid(e1a9e2d530aa1bd4eaa5e0ec7f050820) Importer(815301076,1909f56bfc062723c751e8b465ee728b)
Start importing Assets/Assets/Habitaciones/Puertas del juego/RB.prefab using Guid(e1a9e2d530aa1bd4eaa5e0ec7f050820) Importer(815301076,1909f56bfc062723c751e8b465ee728b)  -> (artifact id: '5c9420b124234baa31abd8725632eac6') in 0.025902 seconds 
  Import took 0.038865 seconds .

========================================================================
Received Import Request.
  Time since last request: 2.062160 seconds.
  path: Assets/Assets/Habitaciones/Puertas del juego/BL.prefab
  artifactKey: Guid(ae2d64337e936eb418b83484fcd11d08) Importer(815301076,1909f56bfc062723c751e8b465ee728b)
Start importing Assets/Assets/Habitaciones/Puertas del juego/BL.prefab using Guid(ae2d64337e936eb418b83484fcd11d08) Importer(815301076,1909f56bfc062723c751e8b465ee728b)  -> (artifact id: '968e5e7a6ae614f022c64e5add6587bc') in 0.023846 seconds 
  Import took 0.037433 seconds .

========================================================================
Received Import Request.
  Time since last request: 2.076106 seconds.
  path: Assets/Assets/Habitaciones/Puertas del juego/B.prefab
  artifactKey: Guid(131d81bf2a3161b47a1c43e658a45034) Importer(815301076,1909f56bfc062723c751e8b465ee728b)
Start importing Assets/Assets/Habitaciones/Puertas del juego/B.prefab using Guid(131d81bf2a3161b47a1c43e658a45034) Importer(815301076,1909f56bfc062723c751e8b465ee728b)  -> (artifact id: 'b764450ffaf75c7b4f50ef3f3a54c99a') in 0.082567 seconds 
  Import took 0.128774 seconds .

========================================================================
Received Import Request.
  Time since last request: 0.021704 seconds.
  path: Assets/Assets/Habitaciones/Puertas del juego/B.prefab
  artifactKey: Guid(131d81bf2a3161b47a1c43e658a45034) Importer(815301076,1909f56bfc062723c751e8b465ee728b)
Start importing Assets/Assets/Habitaciones/Puertas del juego/B.prefab using Guid(131d81bf2a3161b47a1c43e658a45034) Importer(815301076,1909f56bfc062723c751e8b465ee728b)  -> (artifact id: 'b764450ffaf75c7b4f50ef3f3a54c99a') in 0.031040 seconds 
  Import took 0.048877 seconds .

========================================================================
Received Import Request.
  Time since last request: 2.571083 seconds.
  path: Assets/Assets/Habitaciones/Puertas del juego/CentralRoom.prefab
  artifactKey: Guid(a944dc578bd50d54db8ed2211d06a65f) Importer(815301076,1909f56bfc062723c751e8b465ee728b)
Start importing Assets/Assets/Habitaciones/Puertas del juego/CentralRoom.prefab using Guid(a944dc578bd50d54db8ed2211d06a65f) Importer(815301076,1909f56bfc062723c751e8b465ee728b)  -> (artifact id: '0261ea50eb0c04becb52dab809cca599') in 0.027293 seconds 
  Import took 0.058688 seconds .

========================================================================
Received Prepare
Registering precompiled user dll's ...
Registered in 0.008412 seconds.
Begin MonoManager ReloadAssembly
Native extension for WindowsStandalone target not found
Native extension for WebGL target not found
Refreshing native plugins compatible for Editor in 0.97 ms, found 2 plugins.
Preloading 0 native plugins for Editor in 0.00 ms.
Mono: successfully reloaded assembly
- Completed reload, in  3.010 seconds
Domain Reload Profiling:
	ReloadAssembly (3011ms)
		BeginReloadAssembly (307ms)
			ExecutionOrderSort (0ms)
			DisableScriptedObjects (18ms)
			BackupInstance (0ms)
			ReleaseScriptingObjects (0ms)
			CreateAndSetChildDomain (95ms)
		EndReloadAssembly (2524ms)
			LoadAssemblies (284ms)
			RebuildTransferFunctionScriptingTraits (0ms)
			SetupTypeCache (869ms)
			ReleaseScriptCaches (3ms)
			RebuildScriptCaches (125ms)
			SetupLoadedEditorAssemblies (845ms)
				LogAssemblyErrors (0ms)
				InitializePlatformSupportModulesInManaged (15ms)
				SetLoadedEditorAssemblies (1ms)
				RefreshPlugins (1ms)
				BeforeProcessingInitializeOnLoad (232ms)
				ProcessInitializeOnLoadAttributes (562ms)
				ProcessInitializeOnLoadMethodAttributes (10ms)
				AfterProcessingInitializeOnLoad (23ms)
				EditorAssembliesLoaded (1ms)
			ExecutionOrderSort2 (0ms)
			AwakeInstancesAfterBackupRestoration (47ms)
Platform modules already initialized, skipping
Refreshing native plugins compatible for Editor in 1.16 ms, found 2 plugins.
Preloading 0 native plugins for Editor in 0.00 ms.
Unloading 2621 Unused Serialized files (Serialized files now loaded: 0)
System memory in use before: 124.9 MB.
System memory in use after: 125.1 MB.

Unloading 13 unused Assets to reduce memory usage. Loaded Objects now: 3329.
Total: 11.045700 ms (FindLiveObjects: 0.534100 ms CreateObjectMapping: 0.313800 ms MarkObjects: 10.143700 ms  DeleteObjects: 0.051200 ms)

AssetImportParameters requested are different than current active one (requested -> active):
  custom:framework-win-MediaFoundation: 216162199b28c13a410421893ffa2e32 -> 
  custom:video-decoder-ogg-theora: a1e56fd34408186e4bbccfd4996cb3dc -> 
  custom:container-muxer-webm: aa71ff27fc2769a1b78a27578f13a17b -> 
  custom:container-demuxer-webm: 4f35f7cbe854078d1ac9338744f61a02 -> 
  custom:container-demuxer-ogg: 62fdf1f143b41e24485cea50d1cbac27 -> 
  custom:video-encoder-webm-vp8: eb34c28f22e8b96e1ab97ce403110664 -> 
  custom:video-codec-MediaFoundation-h265: 746d11721c4dcdbdad8f713fa42b33f4 -> 
  custom:video-decoder-webm-vp8: 9c59270c3fd7afecdb556c50c9e8de78 -> 
  custom:audio-decoder-ogg-vorbis: bf7c407c2cedff20999df2af8eb42d56 -> 
  custom:audio-encoder-webm-vorbis: bf7c407c2cedff20999df2af8eb42d56 -> 
========================================================================
Received Prepare
Registering precompiled user dll's ...
Registered in 0.009133 seconds.
Begin MonoManager ReloadAssembly
Native extension for WindowsStandalone target not found
Native extension for WebGL target not found
Refreshing native plugins compatible for Editor in 0.97 ms, found 2 plugins.
Preloading 0 native plugins for Editor in 0.00 ms.
Mono: successfully reloaded assembly
- Completed reload, in  3.382 seconds
Domain Reload Profiling:
	ReloadAssembly (3383ms)
		BeginReloadAssembly (279ms)
			ExecutionOrderSort (0ms)
			DisableScriptedObjects (12ms)
			BackupInstance (0ms)
			ReleaseScriptingObjects (0ms)
			CreateAndSetChildDomain (85ms)
		EndReloadAssembly (2891ms)
			LoadAssemblies (275ms)
			RebuildTransferFunctionScriptingTraits (0ms)
			SetupTypeCache (1234ms)
			ReleaseScriptCaches (3ms)
			RebuildScriptCaches (137ms)
			SetupLoadedEditorAssemblies (840ms)
				LogAssemblyErrors (0ms)
				InitializePlatformSupportModulesInManaged (14ms)
				SetLoadedEditorAssemblies (1ms)
				RefreshPlugins (1ms)
				BeforeProcessingInitializeOnLoad (270ms)
				ProcessInitializeOnLoadAttributes (523ms)
				ProcessInitializeOnLoadMethodAttributes (8ms)
				AfterProcessingInitializeOnLoad (21ms)
				EditorAssembliesLoaded (1ms)
			ExecutionOrderSort2 (0ms)
			AwakeInstancesAfterBackupRestoration (44ms)
Platform modules already initialized, skipping
Refreshing native plugins compatible for Editor in 0.94 ms, found 2 plugins.
Preloading 0 native plugins for Editor in 0.00 ms.
Unloading 2621 Unused Serialized files (Serialized files now loaded: 0)
System memory in use before: 124.9 MB.
System memory in use after: 125.1 MB.

Unloading 12 unused Assets to reduce memory usage. Loaded Objects now: 3331.
Total: 10.845500 ms (FindLiveObjects: 0.763000 ms CreateObjectMapping: 0.537300 ms MarkObjects: 9.486300 ms  DeleteObjects: 0.055600 ms)

AssetImportParameters requested are different than current active one (requested -> active):
  custom:framework-win-MediaFoundation: 216162199b28c13a410421893ffa2e32 -> 
  custom:video-decoder-ogg-theora: a1e56fd34408186e4bbccfd4996cb3dc -> 
  custom:container-muxer-webm: aa71ff27fc2769a1b78a27578f13a17b -> 
  custom:container-demuxer-webm: 4f35f7cbe854078d1ac9338744f61a02 -> 
  custom:container-demuxer-ogg: 62fdf1f143b41e24485cea50d1cbac27 -> 
  custom:video-encoder-webm-vp8: eb34c28f22e8b96e1ab97ce403110664 -> 
  custom:video-codec-MediaFoundation-h265: 746d11721c4dcdbdad8f713fa42b33f4 -> 
  custom:video-decoder-webm-vp8: 9c59270c3fd7afecdb556c50c9e8de78 -> 
  custom:audio-decoder-ogg-vorbis: bf7c407c2cedff20999df2af8eb42d56 -> 
  custom:audio-encoder-webm-vorbis: bf7c407c2cedff20999df2af8eb42d56 -> 
========================================================================
Received Import Request.
  Time since last request: 556.414576 seconds.
  path: Assets/Assets/Habitaciones/Puertas del juego/CentralRoom.prefab
  artifactKey: Guid(a944dc578bd50d54db8ed2211d06a65f) Importer(815301076,1909f56bfc062723c751e8b465ee728b)
Start importing Assets/Assets/Habitaciones/Puertas del juego/CentralRoom.prefab using Guid(a944dc578bd50d54db8ed2211d06a65f) Importer(815301076,1909f56bfc062723c751e8b465ee728b)  -> (artifact id: '7ca9f287a37d8cb40d20a82eda862198') in 0.462498 seconds 
  Import took 0.475352 seconds .

========================================================================
Received Import Request.
  Time since last request: 0.000742 seconds.
  path: Assets/Assets/Habitaciones/Puertas del juego/RB.prefab
  artifactKey: Guid(e1a9e2d530aa1bd4eaa5e0ec7f050820) Importer(815301076,1909f56bfc062723c751e8b465ee728b)
Start importing Assets/Assets/Habitaciones/Puertas del juego/RB.prefab using Guid(e1a9e2d530aa1bd4eaa5e0ec7f050820) Importer(815301076,1909f56bfc062723c751e8b465ee728b)  -> (artifact id: '66f14e957ddf41f9c5d4de1c79cb7bc7') in 0.046339 seconds 
  Import took 0.060506 seconds .

========================================================================
Received Import Request.
  Time since last request: 0.000647 seconds.
  path: Assets/Assets/Habitaciones/Puertas del juego/B.prefab
  artifactKey: Guid(131d81bf2a3161b47a1c43e658a45034) Importer(815301076,1909f56bfc062723c751e8b465ee728b)
Start importing Assets/Assets/Habitaciones/Puertas del juego/B.prefab using Guid(131d81bf2a3161b47a1c43e658a45034) Importer(815301076,1909f56bfc062723c751e8b465ee728b)  -> (artifact id: '5068d289ec08a618f4606922a37cfc54') in 0.021075 seconds 
  Import took 0.033707 seconds .

========================================================================
Received Import Request.
  Time since last request: 0.000635 seconds.
  path: Assets/Assets/Habitaciones/Puertas del juego/L.prefab
  artifactKey: Guid(a8217c87c06537545bbb1f7cbbce68dc) Importer(815301076,1909f56bfc062723c751e8b465ee728b)
Start importing Assets/Assets/Habitaciones/Puertas del juego/L.prefab using Guid(a8217c87c06537545bbb1f7cbbce68dc) Importer(815301076,1909f56bfc062723c751e8b465ee728b)  -> (artifact id: '726d1957212b4526449e4b747203ceb4') in 0.019769 seconds 
  Import took 0.031660 seconds .

========================================================================
Received Import Request.
  Time since last request: 0.000594 seconds.
  path: Assets/Assets/Habitaciones/Puertas del juego/TL.prefab
  artifactKey: Guid(1f001fca1ac0bbc4a8f372e4f3071e47) Importer(815301076,1909f56bfc062723c751e8b465ee728b)
Start importing Assets/Assets/Habitaciones/Puertas del juego/TL.prefab using Guid(1f001fca1ac0bbc4a8f372e4f3071e47) Importer(815301076,1909f56bfc062723c751e8b465ee728b)  -> (artifact id: 'b88623ae6ab0055e728eb9943de7ef24') in 0.020037 seconds 
  Import took 0.031265 seconds .

========================================================================
Received Import Request.
  Time since last request: 0.000733 seconds.
  path: Assets/Assets/Habitaciones/Puertas del juego/TB.prefab
  artifactKey: Guid(dc722c22d9231fb419c4b351a70f962a) Importer(815301076,1909f56bfc062723c751e8b465ee728b)
Start importing Assets/Assets/Habitaciones/Puertas del juego/TB.prefab using Guid(dc722c22d9231fb419c4b351a70f962a) Importer(815301076,1909f56bfc062723c751e8b465ee728b)  -> (artifact id: 'f5e9ca01f97b4ddc60ea598414fb55df') in 0.020233 seconds 
  Import took 0.031752 seconds .

========================================================================
Received Import Request.
  Time since last request: 0.000589 seconds.
  path: Assets/Assets/Habitaciones/Puertas del juego/TR.prefab
  artifactKey: Guid(4f4b958d3198ee749bfbf8920ca70eee) Importer(815301076,1909f56bfc062723c751e8b465ee728b)
Start importing Assets/Assets/Habitaciones/Puertas del juego/TR.prefab using Guid(4f4b958d3198ee749bfbf8920ca70eee) Importer(815301076,1909f56bfc062723c751e8b465ee728b)  -> (artifact id: 'fdd665df0ea8a0f6580779ee2dcc188e') in 0.019590 seconds 
  Import took 0.029849 seconds .

========================================================================
Received Import Request.
  Time since last request: 0.000991 seconds.
  path: Assets/Assets/Habitaciones/Puertas del juego/BL.prefab
  artifactKey: Guid(ae2d64337e936eb418b83484fcd11d08) Importer(815301076,1909f56bfc062723c751e8b465ee728b)
Start importing Assets/Assets/Habitaciones/Puertas del juego/BL.prefab using Guid(ae2d64337e936eb418b83484fcd11d08) Importer(815301076,1909f56bfc062723c751e8b465ee728b)  -> (artifact id: '38b376cc0a72568cd512ef39ef85e0c6') in 0.019984 seconds 
  Import took 0.029887 seconds .

========================================================================
Received Import Request.
  Time since last request: 0.000877 seconds.
  path: Assets/Assets/Habitaciones/Puertas del juego/LR.prefab
  artifactKey: Guid(55cec621827845b4b9d4602d5ed262e0) Importer(815301076,1909f56bfc062723c751e8b465ee728b)
Start importing Assets/Assets/Habitaciones/Puertas del juego/LR.prefab using Guid(55cec621827845b4b9d4602d5ed262e0) Importer(815301076,1909f56bfc062723c751e8b465ee728b)  -> (artifact id: '03d3487f96d2c5074f57818e3f88bd05') in 0.019688 seconds 
  Import took 0.030164 seconds .

========================================================================
Received Import Request.
  Time since last request: 0.000604 seconds.
  path: Assets/Assets/Habitaciones/Puertas del juego/T.prefab
  artifactKey: Guid(3fae15089b6a31c4aac9a3a528d438d3) Importer(815301076,1909f56bfc062723c751e8b465ee728b)
Start importing Assets/Assets/Habitaciones/Puertas del juego/T.prefab using Guid(3fae15089b6a31c4aac9a3a528d438d3) Importer(815301076,1909f56bfc062723c751e8b465ee728b)  -> (artifact id: 'f7ce76d72a6d72c40f6121d35154a1ef') in 0.020290 seconds 
  Import took 0.031390 seconds .

========================================================================
Received Import Request.
  Time since last request: 0.000655 seconds.
  path: Assets/Assets/Habitaciones/Puertas del juego/R.prefab
  artifactKey: Guid(2dd50b2a8ee8abd49943c11a37e08879) Importer(815301076,1909f56bfc062723c751e8b465ee728b)
Start importing Assets/Assets/Habitaciones/Puertas del juego/R.prefab using Guid(2dd50b2a8ee8abd49943c11a37e08879) Importer(815301076,1909f56bfc062723c751e8b465ee728b)  -> (artifact id: '091f530f2a2fc9c274790bdc3fdd2d2a') in 0.019287 seconds 
  Import took 0.031033 seconds .

========================================================================
Received Prepare
Registering precompiled user dll's ...
Registered in 0.007202 seconds.
Begin MonoManager ReloadAssembly
Native extension for WindowsStandalone target not found
Native extension for WebGL target not found
Refreshing native plugins compatible for Editor in 1.18 ms, found 2 plugins.
Preloading 0 native plugins for Editor in 0.00 ms.
Mono: successfully reloaded assembly
- Completed reload, in  4.053 seconds
Domain Reload Profiling:
	ReloadAssembly (4055ms)
		BeginReloadAssembly (334ms)
			ExecutionOrderSort (0ms)
			DisableScriptedObjects (19ms)
			BackupInstance (0ms)
			ReleaseScriptingObjects (0ms)
			CreateAndSetChildDomain (106ms)
		EndReloadAssembly (3462ms)
			LoadAssemblies (308ms)
			RebuildTransferFunctionScriptingTraits (0ms)
			SetupTypeCache (1168ms)
			ReleaseScriptCaches (4ms)
			RebuildScriptCaches (179ms)
			SetupLoadedEditorAssemblies (1168ms)
				LogAssemblyErrors (0ms)
				InitializePlatformSupportModulesInManaged (25ms)
				SetLoadedEditorAssemblies (3ms)
				RefreshPlugins (1ms)
				BeforeProcessingInitializeOnLoad (309ms)
				ProcessInitializeOnLoadAttributes (779ms)
				ProcessInitializeOnLoadMethodAttributes (14ms)
				AfterProcessingInitializeOnLoad (35ms)
				EditorAssembliesLoaded (1ms)
			ExecutionOrderSort2 (0ms)
			AwakeInstancesAfterBackupRestoration (82ms)
Platform modules already initialized, skipping
Refreshing native plugins compatible for Editor in 1.11 ms, found 2 plugins.
Preloading 0 native plugins for Editor in 0.00 ms.
Unloading 2621 Unused Serialized files (Serialized files now loaded: 0)
System memory in use before: 125.1 MB.
System memory in use after: 125.3 MB.

Unloading 12 unused Assets to reduce memory usage. Loaded Objects now: 3369.
Total: 16.304600 ms (FindLiveObjects: 0.643900 ms CreateObjectMapping: 0.405200 ms MarkObjects: 15.185900 ms  DeleteObjects: 0.065500 ms)

AssetImportParameters requested are different than current active one (requested -> active):
  custom:framework-win-MediaFoundation: 216162199b28c13a410421893ffa2e32 -> 
  custom:video-decoder-ogg-theora: a1e56fd34408186e4bbccfd4996cb3dc -> 
  custom:container-muxer-webm: aa71ff27fc2769a1b78a27578f13a17b -> 
  custom:container-demuxer-webm: 4f35f7cbe854078d1ac9338744f61a02 -> 
  custom:container-demuxer-ogg: 62fdf1f143b41e24485cea50d1cbac27 -> 
  custom:video-encoder-webm-vp8: eb34c28f22e8b96e1ab97ce403110664 -> 
  custom:video-codec-MediaFoundation-h265: 746d11721c4dcdbdad8f713fa42b33f4 -> 
  custom:video-decoder-webm-vp8: 9c59270c3fd7afecdb556c50c9e8de78 -> 
  custom:audio-decoder-ogg-vorbis: bf7c407c2cedff20999df2af8eb42d56 -> 
  custom:audio-encoder-webm-vorbis: bf7c407c2cedff20999df2af8eb42d56 -> 
========================================================================
Received Import Request.
  Time since last request: 10.549559 seconds.
  path: Assets/Assets/Habitaciones/Puertas del juego/CentralRoom.prefab
  artifactKey: Guid(a944dc578bd50d54db8ed2211d06a65f) Importer(815301076,1909f56bfc062723c751e8b465ee728b)
Start importing Assets/Assets/Habitaciones/Puertas del juego/CentralRoom.prefab using Guid(a944dc578bd50d54db8ed2211d06a65f) Importer(815301076,1909f56bfc062723c751e8b465ee728b)  -> (artifact id: 'f40d09dc7e87c92089d39ff37da11721') in 0.778689 seconds 
  Import took 0.819640 seconds .

========================================================================
Received Import Request.
  Time since last request: 0.001459 seconds.
  path: Assets/Assets/Habitaciones/Puertas del juego/RB.prefab
  artifactKey: Guid(e1a9e2d530aa1bd4eaa5e0ec7f050820) Importer(815301076,1909f56bfc062723c751e8b465ee728b)
Start importing Assets/Assets/Habitaciones/Puertas del juego/RB.prefab using Guid(e1a9e2d530aa1bd4eaa5e0ec7f050820) Importer(815301076,1909f56bfc062723c751e8b465ee728b)  -> (artifact id: 'f73c15ce1783d540a6a356039919b25e') in 0.050982 seconds 
  Import took 0.083147 seconds .

========================================================================
Received Import Request.
  Time since last request: 0.000709 seconds.
  path: Assets/Assets/Habitaciones/Puertas del juego/B.prefab
  artifactKey: Guid(131d81bf2a3161b47a1c43e658a45034) Importer(815301076,1909f56bfc062723c751e8b465ee728b)
Start importing Assets/Assets/Habitaciones/Puertas del juego/B.prefab using Guid(131d81bf2a3161b47a1c43e658a45034) Importer(815301076,1909f56bfc062723c751e8b465ee728b)  -> (artifact id: '09b40a42ad9b8f5e66602fa5a8a8ac48') in 0.025676 seconds 
  Import took 0.046174 seconds .

========================================================================
Received Import Request.
  Time since last request: 0.001071 seconds.
  path: Assets/Assets/Habitaciones/Puertas del juego/L.prefab
  artifactKey: Guid(a8217c87c06537545bbb1f7cbbce68dc) Importer(815301076,1909f56bfc062723c751e8b465ee728b)
Start importing Assets/Assets/Habitaciones/Puertas del juego/L.prefab using Guid(a8217c87c06537545bbb1f7cbbce68dc) Importer(815301076,1909f56bfc062723c751e8b465ee728b)  -> (artifact id: 'c2f11c933f1a504076871748f01b15e8') in 0.040158 seconds 
  Import took 0.061639 seconds .

========================================================================
Received Import Request.
  Time since last request: 0.000879 seconds.
  path: Assets/Assets/Habitaciones/Puertas del juego/TL.prefab
  artifactKey: Guid(1f001fca1ac0bbc4a8f372e4f3071e47) Importer(815301076,1909f56bfc062723c751e8b465ee728b)
Start importing Assets/Assets/Habitaciones/Puertas del juego/TL.prefab using Guid(1f001fca1ac0bbc4a8f372e4f3071e47) Importer(815301076,1909f56bfc062723c751e8b465ee728b)  -> (artifact id: '573b051dbf9c0d532bffc05d56491bd7') in 0.074080 seconds 
  Import took 0.107426 seconds .

========================================================================
Received Import Request.
  Time since last request: 0.000824 seconds.
  path: Assets/Assets/Habitaciones/Puertas del juego/TB.prefab
  artifactKey: Guid(dc722c22d9231fb419c4b351a70f962a) Importer(815301076,1909f56bfc062723c751e8b465ee728b)
Start importing Assets/Assets/Habitaciones/Puertas del juego/TB.prefab using Guid(dc722c22d9231fb419c4b351a70f962a) Importer(815301076,1909f56bfc062723c751e8b465ee728b)  -> (artifact id: 'ffe3f41a407f2cbc35689c8b4a92e88c') in 0.136599 seconds 
  Import took 0.233829 seconds .

========================================================================
Received Import Request.
  Time since last request: 0.001892 seconds.
  path: Assets/Assets/Habitaciones/Puertas del juego/TR.prefab
  artifactKey: Guid(4f4b958d3198ee749bfbf8920ca70eee) Importer(815301076,1909f56bfc062723c751e8b465ee728b)
Start importing Assets/Assets/Habitaciones/Puertas del juego/TR.prefab using Guid(4f4b958d3198ee749bfbf8920ca70eee) Importer(815301076,1909f56bfc062723c751e8b465ee728b)  -> (artifact id: '275ac896df6bc49071b8b0c84d511d2b') in 0.046731 seconds 
  Import took 0.091977 seconds .

========================================================================
Received Import Request.
  Time since last request: 0.000778 seconds.
  path: Assets/Assets/Habitaciones/Puertas del juego/BL.prefab
  artifactKey: Guid(ae2d64337e936eb418b83484fcd11d08) Importer(815301076,1909f56bfc062723c751e8b465ee728b)
Start importing Assets/Assets/Habitaciones/Puertas del juego/BL.prefab using Guid(ae2d64337e936eb418b83484fcd11d08) Importer(815301076,1909f56bfc062723c751e8b465ee728b)  -> (artifact id: '6b6bfe984975111f0bdc500d502f8188') in 0.022534 seconds 
  Import took 0.039768 seconds .

========================================================================
Received Import Request.
  Time since last request: 0.000721 seconds.
  path: Assets/Assets/Habitaciones/Puertas del juego/LR.prefab
  artifactKey: Guid(55cec621827845b4b9d4602d5ed262e0) Importer(815301076,1909f56bfc062723c751e8b465ee728b)
Start importing Assets/Assets/Habitaciones/Puertas del juego/LR.prefab using Guid(55cec621827845b4b9d4602d5ed262e0) Importer(815301076,1909f56bfc062723c751e8b465ee728b)  -> (artifact id: '4dd6d28be33539a2273fda7a72b8f7a1') in 0.024335 seconds 
  Import took 0.036406 seconds .

========================================================================
Received Import Request.
  Time since last request: 0.000551 seconds.
  path: Assets/Assets/Habitaciones/Puertas del juego/T.prefab
  artifactKey: Guid(3fae15089b6a31c4aac9a3a528d438d3) Importer(815301076,1909f56bfc062723c751e8b465ee728b)
Start importing Assets/Assets/Habitaciones/Puertas del juego/T.prefab using Guid(3fae15089b6a31c4aac9a3a528d438d3) Importer(815301076,1909f56bfc062723c751e8b465ee728b)  -> (artifact id: '277a1c0c7274f2aa1e6e0528acf0a4a1') in 0.031006 seconds 
  Import took 0.044431 seconds .

========================================================================
Received Import Request.
  Time since last request: 0.000544 seconds.
  path: Assets/Assets/Habitaciones/Puertas del juego/R.prefab
  artifactKey: Guid(2dd50b2a8ee8abd49943c11a37e08879) Importer(815301076,1909f56bfc062723c751e8b465ee728b)
Start importing Assets/Assets/Habitaciones/Puertas del juego/R.prefab using Guid(2dd50b2a8ee8abd49943c11a37e08879) Importer(815301076,1909f56bfc062723c751e8b465ee728b)  -> (artifact id: 'c72f30ea9695840298e0e0eac8233e0b') in 0.026126 seconds 
  Import took 0.044639 seconds .

========================================================================
Received Import Request.
  Time since last request: 0.028505 seconds.
  path: Assets/Assets/Habitaciones/Puertas del juego/R.prefab
  artifactKey: Guid(2dd50b2a8ee8abd49943c11a37e08879) Importer(815301076,1909f56bfc062723c751e8b465ee728b)
Start importing Assets/Assets/Habitaciones/Puertas del juego/R.prefab using Guid(2dd50b2a8ee8abd49943c11a37e08879) Importer(815301076,1909f56bfc062723c751e8b465ee728b)  -> (artifact id: 'c72f30ea9695840298e0e0eac8233e0b') in 0.020974 seconds 
  Import took 0.035802 seconds .

========================================================================
Received Import Request.
  Time since last request: 36.474019 seconds.
  path: Assets/Prefabs/Rooms/3DRooms/ClosedRoom.prefab
  artifactKey: Guid(1210a7650958be34e9b1c8ed10c56afb) Importer(815301076,1909f56bfc062723c751e8b465ee728b)
Start importing Assets/Prefabs/Rooms/3DRooms/ClosedRoom.prefab using Guid(1210a7650958be34e9b1c8ed10c56afb) Importer(815301076,1909f56bfc062723c751e8b465ee728b)  -> (artifact id: '04c2967d39e602fedfc93fdb9069e157') in 0.022460 seconds 
  Import took 0.034882 seconds .

========================================================================
Received Import Request.
  Time since last request: 2.026680 seconds.
  path: Assets/Prefabs/Rooms/3DRooms/ClosedRoom.prefab
  artifactKey: Guid(1210a7650958be34e9b1c8ed10c56afb) Importer(815301076,1909f56bfc062723c751e8b465ee728b)
Start importing Assets/Prefabs/Rooms/3DRooms/ClosedRoom.prefab using Guid(1210a7650958be34e9b1c8ed10c56afb) Importer(815301076,1909f56bfc062723c751e8b465ee728b)  -> (artifact id: '9573d1c8425d72260f25db232e77d59c') in 0.063803 seconds 
  Import took 0.075428 seconds .

========================================================================
Received Import Request.
  Time since last request: 8.365778 seconds.
  path: Assets/Prefabs/Rooms/3DRooms/ClosedRoom.prefab
  artifactKey: Guid(1210a7650958be34e9b1c8ed10c56afb) Importer(815301076,1909f56bfc062723c751e8b465ee728b)
Start importing Assets/Prefabs/Rooms/3DRooms/ClosedRoom.prefab using Guid(1210a7650958be34e9b1c8ed10c56afb) Importer(815301076,1909f56bfc062723c751e8b465ee728b)  -> (artifact id: '3eaf59e650a133a895a562be23ecba7f') in 0.024329 seconds 
  Import took 0.034979 seconds .

========================================================================
Received Prepare
Registering precompiled user dll's ...
Registered in 0.008478 seconds.
Begin MonoManager ReloadAssembly
Native extension for WindowsStandalone target not found
Native extension for WebGL target not found
Refreshing native plugins compatible for Editor in 1.03 ms, found 2 plugins.
Preloading 0 native plugins for Editor in 0.00 ms.
Mono: successfully reloaded assembly
- Completed reload, in  4.622 seconds
Domain Reload Profiling:
	ReloadAssembly (4623ms)
		BeginReloadAssembly (353ms)
			ExecutionOrderSort (0ms)
			DisableScriptedObjects (20ms)
			BackupInstance (0ms)
			ReleaseScriptingObjects (0ms)
			CreateAndSetChildDomain (112ms)
		EndReloadAssembly (4051ms)
			LoadAssemblies (289ms)
			RebuildTransferFunctionScriptingTraits (0ms)
			SetupTypeCache (1973ms)
			ReleaseScriptCaches (11ms)
			RebuildScriptCaches (250ms)
			SetupLoadedEditorAssemblies (923ms)
				LogAssemblyErrors (0ms)
				InitializePlatformSupportModulesInManaged (13ms)
				SetLoadedEditorAssemblies (2ms)
				RefreshPlugins (1ms)
				BeforeProcessingInitializeOnLoad (219ms)
				ProcessInitializeOnLoadAttributes (654ms)
				ProcessInitializeOnLoadMethodAttributes (10ms)
				AfterProcessingInitializeOnLoad (25ms)
				EditorAssembliesLoaded (1ms)
			ExecutionOrderSort2 (0ms)
			AwakeInstancesAfterBackupRestoration (82ms)
Platform modules already initialized, skipping
Refreshing native plugins compatible for Editor in 1.01 ms, found 2 plugins.
Preloading 0 native plugins for Editor in 0.00 ms.
Unloading 2621 Unused Serialized files (Serialized files now loaded: 0)
System memory in use before: 125.3 MB.
System memory in use after: 125.5 MB.

Unloading 12 unused Assets to reduce memory usage. Loaded Objects now: 3407.
Total: 7.811000 ms (FindLiveObjects: 0.527700 ms CreateObjectMapping: 0.272400 ms MarkObjects: 6.951100 ms  DeleteObjects: 0.056600 ms)

AssetImportParameters requested are different than current active one (requested -> active):
  custom:framework-win-MediaFoundation: 216162199b28c13a410421893ffa2e32 -> 
  custom:video-decoder-ogg-theora: a1e56fd34408186e4bbccfd4996cb3dc -> 
  custom:container-muxer-webm: aa71ff27fc2769a1b78a27578f13a17b -> 
  custom:container-demuxer-webm: 4f35f7cbe854078d1ac9338744f61a02 -> 
  custom:container-demuxer-ogg: 62fdf1f143b41e24485cea50d1cbac27 -> 
  custom:video-encoder-webm-vp8: eb34c28f22e8b96e1ab97ce403110664 -> 
  custom:video-codec-MediaFoundation-h265: 746d11721c4dcdbdad8f713fa42b33f4 -> 
  custom:video-decoder-webm-vp8: 9c59270c3fd7afecdb556c50c9e8de78 -> 
  custom:audio-decoder-ogg-vorbis: bf7c407c2cedff20999df2af8eb42d56 -> 
  custom:audio-encoder-webm-vorbis: bf7c407c2cedff20999df2af8eb42d56 -> 
